04700: 4eb9 0003 32ee            jsr     $332ee.l
04706: 2e17                      move.l  (A7), D7
04708: 0687 0000 b846            addi.l  #$b846, D7
0470e: 23c7 0078 2274            move.l  D7, $782274.l
04714: 45f8 0016                 lea     $16.w, A2
04718: d5f9 0078 2274            adda.l  $782274.l, A2
0471e: 13d2 0078 220a            move.b  (A2), $78220a.l
04724: 23f9 0078 227c 0078 2212  move.l  $78227c.l, $782212.l
0472e: 4297                      clr.l   (A7)
04730: 45f8 0010                 lea     $10.w, A2
04734: d5f9 0078 2274            adda.l  $782274.l, A2
0473a: 4287                      clr.l   D7
0473c: 1e12                      move.b  (A2), D7
0473e: 2f07                      move.l  D7, -(A7)
04740: 4878 0001                 pea     $1.w
04744: 4eb9 0000 8cca            jsr     $8cca.l
0474a: 508f                      addq.l  #8, A7
0474c: 52b9 0078 2278            addq.l  #1, $782278.l
04752: 6000 ff7e                 bra     $46d2
04756: 6012                      bra     $476a
04758: 4a39 0078 2272            tst.b   $782272.l
0475e: 6652                      bne     $47b2
04760: 4eb9 0001 9dd2            jsr     $19dd2.l
04766: 4a87                      tst.l   D7
04768: 666a                      bne     $47d4
0476a: 4cdf 0021                 movem.l (A7)+, D0/D5
0476e: 4e5e                      unlk    A6
04770: 4e75                      rts
04772: 60f6                      bra     $476a
04774: 700f                      moveq   #$f, D0
04776: 23c0 0078 2278            move.l  D0, $782278.l
0477c: 2e39 0078 2278            move.l  $782278.l, D7
04782: e587                      asl.l   #2, D7
04784: 2447                      movea.l D7, A2
04786: d5fc 0078 2280            adda.l  #$782280, A2
0478c: 23d2 0078 227c            move.l  (A2), $78227c.l
04792: 2eb9 0078 2278            move.l  $782278.l, (A7)
04798: 4878 0018                 pea     $18.w
0479c: 4eb9 0003 32ee            jsr     $332ee.l
047a2: 2e17                      move.l  (A7), D7
047a4: 0687 0000 b846            addi.l  #$b846, D7
047aa: 23c7 0078 2274            move.l  D7, $782274.l
047b0: 60c0                      bra     $4772
047b2: 4287                      clr.l   D7
047b4: 1e39 0078 2272            move.b  $782272.l, D7
047ba: 0807 0004                 btst    #$4, D7
047be: 6700 0148                 beq     $4908
047c2: 700e                      moveq   #$e, D0
047c4: 23c0 0078 2278            move.l  D0, $782278.l
047ca: 08f9 0001 0078 2272       bset    #$1, $782272.l
047d2: 6096                      bra     $476a
047d4: 13fc 0001 0078 2272       move.b  #$1, $782272.l
047dc: 08f9 0001 0078 2272       bset    #$1, $782272.l
047e4: 42b9 0078 2278            clr.l   $782278.l
047ea: 486e fffe                 pea     (-$2,A6)
047ee: 486e fffd                 pea     (-$3,A6)
047f2: 4eb9 0001 bd64            jsr     $1bd64.l
047f8: 508f                      addq.l  #8, A7
047fa: 4287                      clr.l   D7
047fc: 1e2e fffd                 move.b  (-$3,A6), D7
04800: 23c7 0078 2288            move.l  D7, $782288.l
04806: 4287                      clr.l   D7
04808: 3e2e fffe                 move.w  (-$2,A6), D7
0480c: 23c7 0078 228c            move.l  D7, $78228c.l
04812: 0cb9 0000 0064 0078 228c  cmpi.l  #$64, $78228c.l
0481c: 6d10                      blt     $482e
0481e: 4878 0020                 pea     $20.w
04822: 4878 00e2                 pea     $e2.w
04826: 4eb9 0000 1284            jsr     $1284.l
0482c: 508f                      addq.l  #8, A7
0482e: 4287                      clr.l   D7
04830: 1e39 0078 0e8e            move.b  $780e8e.l, D7
04836: 2e87                      move.l  D7, (A7)
04838: 4eb9 0000 6d92            jsr     $6d92.l
0483e: 4287                      clr.l   D7
04840: 3e39 0078 219e            move.w  $78219e.l, D7
04846: 2e87                      move.l  D7, (A7)
04848: 4eb9 0000 cfb2            jsr     $cfb2.l
0484e: 23c7 0078 2290            move.l  D7, $782290.l
04854: 4287                      clr.l   D7
04856: 3e39 0078 219e            move.w  $78219e.l, D7
0485c: 23c7 0078 22de            move.l  D7, $7822de.l
04862: 2a39 0078 0e04            move.l  $780e04.l, D5
04868: 4eb9 0000 a3ca            jsr     $a3ca.l
0486e: 1d47 fffc                 move.b  D7, (-$4,A6)
04872: 4287                      clr.l   D7
04874: 1e2e fffc                 move.b  (-$4,A6), D7
04878: 4286                      clr.l   D6
0487a: 1c39 0078 21aa            move.b  $7821aa.l, D6
04880: be86                      cmp.l   D6, D7
04882: 6620                      bne     $48a4
04884: 2e39 0078 0e04            move.l  $780e04.l, D7
0488a: 9e85                      sub.l   D5, D7
0488c: 0c87 0000 0065            cmpi.l  #$65, D7
04892: 6fd4                      ble     $4868
04894: 08f9 0007 0078 2272       bset    #$7, $782272.l
0489c: 7005                      moveq   #$5, D0
0489e: 23c0 0078 2278            move.l  D0, $782278.l
048a4: 4287                      clr.l   D7
048a6: 1e2e fffc                 move.b  (-$4,A6), D7
048aa: 0c47 00ff                 cmpi.w  #$ff, D7
048ae: 6720                      beq     $48d0
048b0: 4287                      clr.l   D7
048b2: 1e2e fffc                 move.b  (-$4,A6), D7
048b6: 4286                      clr.l   D6
048b8: 1c39 0078 21aa            move.b  $7821aa.l, D6
048be: be86                      cmp.l   D6, D7
048c0: 670e                      beq     $48d0
048c2: 4239 0078 2272            clr.b   $782272.l
048c8: 4cdf 0021                 movem.l (A7)+, D0/D5
048cc: 4e5e                      unlk    A6
048ce: 4e75                      rts
048d0: 2e39 0078 2278            move.l  $782278.l, D7
048d6: e587                      asl.l   #2, D7
048d8: 2447                      movea.l D7, A2
048da: d5fc 0078 2280            adda.l  #$782280, A2
048e0: 23d2 0078 227c            move.l  (A2), $78227c.l
048e6: 2eb9 0078 2278            move.l  $782278.l, (A7)
048ec: 4878 0018                 pea     $18.w
048f0: 4eb9 0003 32ee            jsr     $332ee.l
048f6: 2e17                      move.l  (A7), D7
048f8: 0687 0000 b846            addi.l  #$b846, D7
048fe: 23c7 0078 2274            move.l  D7, $782274.l
04904: 6000 fe50                 bra     $4756
04908: 08f9 0001 0078 2272       bset    #$1, $782272.l
04910: 4eb9 0000 4bb0            jsr     $4bb0.l
04916: 4a87                      tst.l   D7
04918: 66b6                      bne     $48d0
0491a: 4239 0078 2272            clr.b   $782272.l
04920: 60ae                      bra     $48d0
04922: 4e56 0000                 link    A6, #$0
04926: 48e7 8400                 movem.l D0/D5, -(A7)
0492a: 4a39 0078 21b2            tst.b   $7821b2.l
