126e2: 4e56 0000                 link    A6, #$0
126e6: 4a39 0078 3184            tst.b   $783184.l
126ec: 6622                      bne     $12710
126ee: 13fc 0001 0078 3184       move.b  #$1, $783184.l
126f6: 33f9 0078 2c8a 0078 3188  move.w  $782c8a.l, $783188.l
12700: 33f9 0078 3188 0078 3186  move.w  $783188.l, $783186.l
1270a: 4279 0078 318a            clr.w   $78318a.l
12710: 4e5e                      unlk    A6
12712: 4e75                      rts
12714: 4e56 fff8                 link    A6, #-$8
12718: 48e7 8c0c                 movem.l D0/D4-D5/A4-A5, -(A7)
1271c: 45ee fff8                 lea     (-$8,A6), A2
12720: 2a4a                      movea.l A2, A5
12722: 287c 0078 3184            movea.l #$783184, A4
12728: 4a14                      tst.b   (A4)
1272a: 6716                      beq     $12742
1272c: 4214                      clr.b   (A4)
1272e: 4287                      clr.l   D7
12730: 3e2c 0004                 move.w  ($4,A4), D7
12734: 4286                      clr.l   D6
12736: 3c2c 0002                 move.w  ($2,A4), D6
1273a: 9e86                      sub.l   D6, D7
1273c: 2a07                      move.l  D7, D5
1273e: 2805                      move.l  D5, D4
12740: 6e08                      bgt     $1274a
12742: 4cdf 3031                 movem.l (A7)+, D0/D4-D5/A4-A5
12746: 4e5e                      unlk    A6
12748: 4e75                      rts
1274a: 3b45 0006                 move.w  D5, ($6,A5)
1274e: 422d 0001                 clr.b   ($1,A5)
12752: 1ab9 0078 2da3            move.b  $782da3.l, (A5)
12758: 660e                      bne     $12768
1275a: 3b6c 0002 0002            move.w  ($2,A4), ($2,A5)
12760: 3b6c 0006 0004            move.w  ($6,A4), ($4,A5)
12766: 6020                      bra     $12788
12768: 3b6c 0006 0002            move.w  ($6,A4), ($2,A5)
1276e: 4287                      clr.l   D7
12770: 3e39 0078 2db2            move.w  $782db2.l, D7
12776: 4286                      clr.l   D6
12778: 3c2c 0002                 move.w  ($2,A4), D6
1277c: 9e86                      sub.l   D6, D7
1277e: 2444                      movea.l D4, A2
12780: 538a                      subq.l  #1, A2
12782: 9e8a                      sub.l   A2, D7
12784: 3b47 0004                 move.w  D7, ($4,A5)
12788: 4eb9 0001 0084            jsr     $10084.l
1278e: 4287                      clr.l   D7
12790: 3e2c 0006                 move.w  ($6,A4), D7
12794: 5487                      addq.l  #2, D7
12796: 4286                      clr.l   D6
12798: 3c39 0078 2db6            move.w  $782db6.l, D6
1279e: be86                      cmp.l   D6, D7
127a0: 6ea0                      bgt     $12742
127a2: 2e8d                      move.l  A5, (A7)
127a4: 4eb9 0001 3520            jsr     $13520.l
127aa: 4a87                      tst.l   D7
127ac: 6694                      bne     $12742
127ae: 45f8 0014                 lea     $14.w, A2
127b2: d5f9 0078 297a            adda.l  $78297a.l, A2
127b8: 08ea 0000 0001            bset    #$0, ($1,A2)
127be: 4eb9 0000 ff1e            jsr     $ff1e.l
127c4: 4eb9 0001 0084            jsr     $10084.l
127ca: 3b45 0006                 move.w  D5, ($6,A5)
127ce: 422d 0001                 clr.b   ($1,A5)
127d2: 1ab9 0078 2da3            move.b  $782da3.l, (A5)
127d8: 660e                      bne     $127e8
127da: 3b6c 0002 0002            move.w  ($2,A4), ($2,A5)
127e0: 3b6c 0006 0004            move.w  ($6,A4), ($4,A5)
127e6: 60ba                      bra     $127a2
127e8: 3b6c 0006 0002            move.w  ($6,A4), ($2,A5)
127ee: 4287                      clr.l   D7
127f0: 3e39 0078 2db2            move.w  $782db2.l, D7
127f6: 4286                      clr.l   D6
127f8: 3c2c 0002                 move.w  ($2,A4), D6
127fc: 9e86                      sub.l   D6, D7
127fe: 2444                      movea.l D4, A2
12800: 538a                      subq.l  #1, A2
12802: 9e8a                      sub.l   A2, D7
12804: 3b47 0004                 move.w  D7, ($4,A5)
12808: 6098                      bra     $127a2
1280a: 4e56 fffa                 link    A6, #-$6
1280e: 48e7 9c0c                 movem.l D0/D3-D5/A4-A5, -(A7)
12812: 2eb9 0078 3160            move.l  $783160.l, (A7)
