0c06e: 4e56 0000                 link    A6, #$0
0c072: 4239 0078 22eb            clr.b   $7822eb.l
0c078: 13f9 0078 22eb fffe e00d  move.b  $7822eb.l, $fffee00d.l
0c082: 4eb9 0000 ae16            jsr     $ae16.l
0c088: 4239 0078 22fd            clr.b   $7822fd.l
0c08e: 4e5e                      unlk    A6
0c090: 4e75                      rts
0c092: 4e56 0000                 link    A6, #$0
0c096: 4a39 0078 22fe            tst.b   $7822fe.l
0c09c: 670c                      beq     $c0aa
0c09e: 4eb9 0001 97ac            jsr     $197ac.l
0c0a4: 4239 0078 22fe            clr.b   $7822fe.l
0c0aa: 4e5e                      unlk    A6
0c0ac: 4e75                      rts
0c0ae: 4e56 0000                 link    A6, #$0
0c0b2: 48e7 8400                 movem.l D0/D5, -(A7)
0c0b6: 4285                      clr.l   D5
0c0b8: 1a39 fffe e005            move.b  $fffee005.l, D5
0c0be: 4eb9 0000 ae16            jsr     $ae16.l
0c0c4: 0805 0007                 btst    #$7, D5
0c0c8: 6718                      beq     $c0e2
0c0ca: 2ebc 0000 0080            move.l  #$80, (A7)
0c0d0: 2f3c 0078 0e2e            move.l  #$780e2e, -(A7)
0c0d6: 4eb9 0000 9bee            jsr     $9bee.l
0c0dc: 588f                      addq.l  #4, A7
0c0de: 7e01                      moveq   #$1, D7
0c0e0: 601a                      bra     $c0fc
0c0e2: 0805 0006                 btst    #$6, D5
0c0e6: 671c                      beq     $c104
0c0e8: 4878 0040                 pea     $40.w
0c0ec: 2f3c 0078 0e2e            move.l  #$780e2e, -(A7)
0c0f2: 4eb9 0000 9bee            jsr     $9bee.l
0c0f8: 508f                      addq.l  #8, A7
0c0fa: 7e01                      moveq   #$1, D7
0c0fc: 4cdf 0021                 movem.l (A7)+, D0/D5
0c100: 4e5e                      unlk    A6
0c102: 4e75                      rts
0c104: 4287                      clr.l   D7
0c106: 60f4                      bra     $c0fc
0c108: 4e56 0000                 link    A6, #$0
0c10c: 4eb9 0000 15a6            jsr     $15a6.l
0c112: 4eb9 0000 a60e            jsr     $a60e.l
0c118: 4a87                      tst.l   D7
0c11a: 6724                      beq     $c140
0c11c: 4eb9 0000 a620            jsr     $a620.l
0c122: 4eb9 0000 15ac            jsr     $15ac.l
0c128: 4878 000a                 pea     $a.w
0c12c: 4eb9 0000 8bea            jsr     $8bea.l
0c132: 588f                      addq.l  #4, A7
0c134: 4eb9 0000 15a6            jsr     $15a6.l
0c13a: 4eb9 0000 a638            jsr     $a638.l
0c140: 4eb9 0000 a5da            jsr     $a5da.l
0c146: 4eb9 0000 15ac            jsr     $15ac.l
0c14c: 4287                      clr.l   D7
0c14e: 1e39 0078 28f9            move.b  $7828f9.l, D7
0c154: 0807 0000                 btst    #$0, D7
0c158: 6730                      beq     $c18a
0c15a: 4878 0001                 pea     $1.w
0c15e: 2f3c 0078 0e32            move.l  #$780e32, -(A7)
0c164: 4eb9 0000 9c0c            jsr     $9c0c.l
0c16a: 508f                      addq.l  #8, A7
0c16c: 4eb9 0000 15a6            jsr     $15a6.l
0c172: 4eb9 0000 a42c            jsr     $a42c.l
0c178: 4eb9 0000 15ac            jsr     $15ac.l
0c17e: 4878 0033                 pea     $33.w
0c182: 4eb9 0000 10d8            jsr     $10d8.l
0c188: 588f                      addq.l  #4, A7
0c18a: 0839 0000 0078 0e35       btst    #$0, $780e35.l
0c192: 6708                      beq     $c19c
0c194: 4eb9 0000 6798            jsr     $6798.l
0c19a: 6006                      bra     $c1a2
0c19c: 4eb9 0000 680c            jsr     $680c.l
0c1a2: 4e5e                      unlk    A6
0c1a4: 4e75                      rts
0c1a6: 4e56 0000                 link    A6, #$0
0c1aa: 4239 0078 2300            clr.b   $782300.l
0c1b0: 4239 0078 2301            clr.b   $782301.l
0c1b6: 4239 0078 21aa            clr.b   $7821aa.l
0c1bc: 42b9 0078 21ac            clr.l   $7821ac.l
0c1c2: 4e5e                      unlk    A6
0c1c4: 4e75                      rts
0c1c6: 4e56 fffc                 link    A6, #-$4
0c1ca: 7e18                      moveq   #$18, D7
0c1cc: ceb9 0078 0e36            and.l   $780e36.l, D7
0c1d2: 660e                      bne     $c1e2
0c1d4: 2e39 0078 0e2e            move.l  $780e2e.l, D7
0c1da: 0287 0000 00c0            andi.l  #$c0, D7
0c1e0: 6724                      beq     $c206
0c1e2: 4eb9 0000 c284            jsr     $c284.l
0c1e8: 4239 0078 22fd            clr.b   $7822fd.l
0c1ee: 4eb9 0000 c2b8            jsr     $c2b8.l
0c1f4: 0839 0003 0078 0e39       btst    #$3, $780e39.l
0c1fc: 672a                      beq     $c228
0c1fe: 4eb9 0000 85c0            jsr     $85c0.l
0c204: 6032                      bra     $c238
0c206: 4287                      clr.l   D7
0c208: 1e39 0078 2301            move.b  $782301.l, D7
0c20e: 0c47 0001                 cmpi.w  #$1, D7
0c212: 666a                      bne     $c27e
0c214: 2ebc 0078 2312            move.l  #$782312, (A7)
0c21a: 4eb9 0000 8c7a            jsr     $8c7a.l
0c220: 4239 0078 2301            clr.b   $782301.l
0c226: 6056                      bra     $c27e
0c228: 0839 0004 0078 0e39       btst    #$4, $780e39.l
0c230: 671c                      beq     $c24e
0c232: 4eb9 0000 85d2            jsr     $85d2.l
0c238: 13fc 0001 0078 2301       move.b  #$1, $782301.l
0c240: 13fc 0001 0078 22fd       move.b  #$1, $7822fd.l
0c248: 7e01                      moveq   #$1, D7
0c24a: 4e5e                      unlk    A6
0c24c: 4e75                      rts
0c24e: 0839 0007 0078 0e31       btst    #$7, $780e31.l
0c256: 670e                      beq     $c266
0c258: 4eb9 0000 c2f8            jsr     $c2f8.l
0c25e: 4eb9 0000 79da            jsr     $79da.l
0c264: 60d2                      bra     $c238
0c266: 0839 0006 0078 0e31       btst    #$6, $780e31.l
0c26e: 67c8                      beq     $c238
0c270: 4eb9 0000 c2f8            jsr     $c2f8.l
0c276: 4eb9 0000 7ac8            jsr     $7ac8.l
0c27c: 60ba                      bra     $c238
0c27e: 4287                      clr.l   D7
0c280: 4e5e                      unlk    A6
0c282: 4e75                      rts
0c284: 4e56 0000                 link    A6, #$0
0c288: 4a39 0078 21a8            tst.b   $7821a8.l
0c28e: 6724                      beq     $c2b4
0c290: 4287                      clr.l   D7
0c292: 1e39 0078 22eb            move.b  $7822eb.l, D7
0c298: 0287 0000 0080            andi.l  #$80, D7
0c29e: 13c7 0078 22eb            move.b  D7, $7822eb.l
0c2a4: 13f9 0078 22eb fffe e00d  move.b  $7822eb.l, $fffee00d.l
0c2ae: 4eb9 0000 ae16            jsr     $ae16.l
0c2b4: 4e5e                      unlk    A6
0c2b6: 4e75                      rts
0c2b8: 4e56 0000                 link    A6, #$0
0c2bc: 48e7 8400                 movem.l D0/D5, -(A7)
0c2c0: 4239 0078 21b0            clr.b   $7821b0.l
0c2c6: 4eb9 0000 a3ca            jsr     $a3ca.l
0c2cc: 2a07                      move.l  D7, D5
0c2ce: 4287                      clr.l   D7
0c2d0: 1e39 0078 21aa            move.b  $7821aa.l, D7
0c2d6: ba87                      cmp.l   D7, D5
0c2d8: 6716                      beq     $c2f0
0c2da: 13c5 0078 21aa            move.b  D5, $7821aa.l
0c2e0: 0c85 0000 00fd            cmpi.l  #$fd, D5
0c2e6: 6608                      bne     $c2f0
0c2e8: 13fc 0001 0078 21b0       move.b  #$1, $7821b0.l
0c2f0: 4cdf 0021                 movem.l (A7)+, D0/D5
0c2f4: 4e5e                      unlk    A6
0c2f6: 4e75                      rts
0c2f8: 4e56 0000                 link    A6, #$0
0c2fc: 4a39 0078 0e41            tst.b   $780e41.l
0c302: 6714                      beq     $c318
0c304: 4ab9 0078 21ac            tst.l   $7821ac.l
0c30a: 6610                      bne     $c31c
0c30c: 23f9 0078 0e04 0078 21ac  move.l  $780e04.l, $7821ac.l
0c316: 6004                      bra     $c31c
0c318: 4e5e                      unlk    A6
0c31a: 4e75                      rts
0c31c: 2e39 0078 0e04            move.l  $780e04.l, D7
0c322: 9eb9 0078 21ac            sub.l   $7821ac.l, D7
0c328: 0c87 0000 00c9            cmpi.l  #$c9, D7
0c32e: 6fe8                      ble     $c318
0c330: 42b9 0078 21ac            clr.l   $7821ac.l
0c336: 13fc 0001 0078 21b0       move.b  #$1, $7821b0.l
0c33e: 60d8                      bra     $c318
0c340: 4e56 0000                 link    A6, #$0
0c344: 48e7 8404                 movem.l D0/D5/A5, -(A7)
0c348: 4285                      clr.l   D5
0c34a: 0c85 0000 0011            cmpi.l  #$11, D5
0c350: 6416                      bcc     $c368
0c352: 2445                      movea.l D5, A2
0c354: d5fc 0078 2312            adda.l  #$782312, A2
0c35a: 2a45                      movea.l D5, A5
0c35c: dbfc 0000 b63b            adda.l  #$b63b, A5
0c362: 1495                      move.b  (A5), (A2)
0c364: 5285                      addq.l  #1, D5
0c366: 60e2                      bra     $c34a
0c368: 4cdf 2021                 movem.l (A7)+, D0/D5/A5
0c36c: 4e5e                      unlk    A6
0c36e: 4e75                      rts
