0c428: 4e56 0000            link    A6, #$0
0c42c: 48e7 840c            movem.l D0/D5/A4-A5, -(A7)
0c430: 2eae 0008            move.l  ($8,A6), (A7)
0c434: 4878 0010            pea     $10.w
0c438: 4eb9 0003 32ee       jsr     $332ee.l
0c43e: 2e17                 move.l  (A7), D7
0c440: 0687 0078 2ee6       addi.l  #$782ee6, D7
0c446: 2a47                 movea.l D7, A5
0c448: 4ab9 0078 297a       tst.l   $78297a.l
0c44e: 6604                 bne     $c454
0c450: 4285                 clr.l   D5
0c452: 6022                 bra     $c476
0c454: 2e95                 move.l  (A5), (A7)
0c456: 4eb9 0000 c4fc       jsr     $c4fc.l
0c45c: 2a07                 move.l  D7, D5
0c45e: 0c85 0000 0011       cmpi.l  #$11, D5
0c464: 6610                 bne     $c476
0c466: 4239 0078 2f2d       clr.b   $782f2d.l
0c46c: 4287                 clr.l   D7
0c46e: 4cdf 3021            movem.l (A7)+, D0/D5/A4-A5
0c472: 4e5e                 unlk    A6
0c474: 4e75                 rts
0c476: 13c5 0078 297e       move.b  D5, $78297e.l
0c47c: 4a2d 0004            tst.b   ($4,A5)
0c480: 6640                 bne     $c4c2
0c482: 2855                 movea.l (A5), A4
0c484: 13ec 0019 0078 318e  move.b  ($19,A4), $78318e.l
0c48c: 4287                 clr.l   D7
0c48e: 1e39 0078 2f2d       move.b  $782f2d.l, D7
0c494: 0c47 0001            cmpi.w  #$1, D7
0c498: 6658                 bne     $c4f2
0c49a: 4239 0078 2f2d       clr.b   $782f2d.l
0c4a0: 2ebc 0005 7e40       move.l  #$57e40, (A7)
0c4a6: 4287                 clr.l   D7
0c4a8: 3e2c 001a            move.w  ($1a,A4), D7
0c4ac: 2f07                 move.l  D7, -(A7)
0c4ae: 4eb9 0003 324a       jsr     $3324a.l
0c4b4: 4eb9 0001 04d8       jsr     $104d8.l
0c4ba: 23c7 0078 315c       move.l  D7, $78315c.l
0c4c0: 6030                 bra     $c4f2
0c4c2: 2855                 movea.l (A5), A4
0c4c4: 13ec 0021 0078 318e  move.b  ($21,A4), $78318e.l
0c4cc: 4287                 clr.l   D7
0c4ce: 1e39 0078 2f2d       move.b  $782f2d.l, D7
0c4d4: 0c47 0001            cmpi.w  #$1, D7
0c4d8: 6618                 bne     $c4f2
0c4da: 4239 0078 2f2d       clr.b   $782f2d.l
0c4e0: 45ec 0024            lea     ($24,A4), A2
0c4e4: 2e92                 move.l  (A2), (A7)
0c4e6: 4eb9 0001 0550       jsr     $10550.l
0c4ec: 23c7 0078 315c       move.l  D7, $78315c.l
0c4f2: 7e01                 moveq   #$1, D7
0c4f4: 4cdf 3021            movem.l (A7)+, D0/D5/A4-A5
0c4f8: 4e5e                 unlk    A6
0c4fa: 4e75                 rts
0c4fc: 4e56 0000            link    A6, #$0
0c500: 48e7 8c1c            movem.l D0/D4-D5/A3-A5, -(A7)
0c504: 2a6e 0008            movea.l ($8,A6), A5
0c508: 2879 0078 297a       movea.l $78297a.l, A4
0c50e: 2e0c                 move.l  A4, D7
0c510: 6604                 bne     $c516
0c512: 4287                 clr.l   D7
0c514: 6040                 bra     $c556
0c516: 280d                 move.l  A5, D4
0c518: 0284 00ff ffff       andi.l  #$ffffff, D4
0c51e: 4285                 clr.l   D5
0c520: 0c85 0000 0010       cmpi.l  #$10, D5
0c526: 6c2c                 bge     $c554
0c528: 2e05                 move.l  D5, D7
0c52a: e587                 asl.l   #2, D7
0c52c: 2447                 movea.l D7, A2
0c52e: 47ec 002c            lea     ($2c,A4), A3
0c532: d5cb                 adda.l  A3, A2
0c534: 2e12                 move.l  (A2), D7
0c536: 0287 00ff ffff       andi.l  #$ffffff, D7
0c53c: be84                 cmp.l   D4, D7
0c53e: 6722                 beq     $c562
0c540: 2445                 movea.l D5, A2
0c542: d5fc 0078 297f       adda.l  #$78297f, A2
0c548: 4287                 clr.l   D7
0c54a: 1e12                 move.b  (A2), D7
0c54c: 0c47 0001            cmpi.w  #$1, D7
0c550: 670c                 beq     $c55e
0c552: 600e                 bra     $c562
0c554: 7e11                 moveq   #$11, D7
0c556: 4cdf 3831            movem.l (A7)+, D0/D4-D5/A3-A5
0c55a: 4e5e                 unlk    A6
0c55c: 4e75                 rts
0c55e: 5285                 addq.l  #1, D5
0c560: 60be                 bra     $c520
0c562: 4eb9 0000 15a6       jsr     $15a6.l
0c568: 2e05                 move.l  D5, D7
0c56a: e587                 asl.l   #2, D7
0c56c: 2447                 movea.l D7, A2
0c56e: 47ec 002c            lea     ($2c,A4), A3
0c572: d5cb                 adda.l  A3, A2
0c574: 248d                 move.l  A5, (A2)
0c576: 4eb9 0000 15ac       jsr     $15ac.l
0c57c: 2e05                 move.l  D5, D7
0c57e: 60d6                 bra     $c556
0c580: 4e56 0000            link    A6, #$0
0c584: 48e7 8c0c            movem.l D0/D4-D5/A4-A5, -(A7)
