003e8: 1038 8000            move.b  $8000.w, D0
003ec: 247c 0020 0000       movea.l #$200000, A2
003f2: 267c 0040 0000       movea.l #$400000, A3
003f8: 0800 0006            btst    #$6, D0
003fc: 660a                 bne     $408
003fe: 0c9a 5052 4f47       cmpi.l  #$50524f47, (A2)+
00404: 6602                 bne     $408
00406: 4ed2                 jmp     (A2)
00408: 0800 0007            btst    #$7, D0
0040c: 660a                 bne     $418
0040e: 0c9b 5052 4f47       cmpi.l  #$50524f47, (A3)+
00414: 6602                 bne     $418
00416: 4ed3                 jmp     (A3)
00418: 4e75                 rts
0041a: 2849                 movea.l A1, A4
0041c: d3fc 001f fff0       adda.l  #$1ffff0, A1
00422: 7201                 moveq   #$1, D1
00424: 2a4c                 movea.l A4, A5
00426: 0c95 4845 4144       cmpi.l  #$48454144, (A5)
0042c: 670c                 beq     $43a
0042e: 4841                 swap    D1
00430: e589                 lsl.l   #2, D1
00432: d9c1                 adda.l  D1, A4
00434: b3cc                 cmpa.l  A4, A1
00436: 6f46                 ble     $47e
00438: 60e8                 bra     $422
0043a: 7600                 moveq   #$0, D3
0043c: 242d 0004            move.l  ($4,A5), D2
00440: d682                 add.l   D2, D3
00442: dbc2                 adda.l  D2, A5
00444: b3cd                 cmpa.l  A5, A1
00446: 6f36                 ble     $47e
00448: 0c83 0003 fffa       cmpi.l  #$3fffa, D3
0044e: 6f08                 ble     $458
00450: 5281                 addq.l  #1, D1
00452: 0483 0004 0000       subi.l  #$40000, D3
00458: 0c95 0000 0000       cmpi.l  #$0, (A5)
0045e: 67ce                 beq     $42e
00460: 0c95 ffff ffff       cmpi.l  #-$1, (A5)
00466: 67c6                 beq     $42e
00468: 0c95 0000 00be       cmpi.l  #$be, (A5)
0046e: 66cc                 bne     $43c
00470: 0cad 0000 0007 0004  cmpi.l  #$7, ($4,A5)
00478: 6f06                 ble     $480
0047a: 508d                 addq.l  #8, A5
0047c: 4ed5                 jmp     (A5)
0047e: 4e75                 rts
00480: 103c 00e0            move.b  #$e0, D0
00484: 123c 0010            move.b  #$10, D1
00488: 4eb9 0000 128c       jsr     $128c.l
0048e: 0007 cfe8            ori.b   #$e8, D7
00492: 0000 0c00            ori.b   #$0, D0
00496: cfe8 0000            muls.w  ($0,A0), D7
0049a: 009b cfe8 0000       ori.l   #$cfe80000, (A3)+
004a0: 009b c7e8 0000       ori.l   #$c7e80000, (A3)+
004a6: 0027 f7e8            ori.b   #$e8, -(A7)
004aa: 0000 0027            ori.b   #$27, D0
004ae: fee8                 dc.w    $fee8; opcode 1111
004b0: 0000 0600            ori.b   #$0, D0
004b4: f9e8                 dc.w    $f9e8; opcode 1111
004b6: 0000 0027            ori.b   #$27, D0
004ba: f348                 dc.w    $f348; opcode 1111
004bc: 0000 0027            ori.b   #$27, D0
004c0: 003d                 dc.w    $003d; ILLEGAL
004c2: 0000 0c7e            ori.b   #$7e, D0
004c6: 0000 0c8c            ori.b   #$8c, D0
004ca: 0000 0c9a            ori.b   #$9a, D0
004ce: 0000 0ca8            ori.b   #$a8, D0
004d2: 0000 0cb6            ori.b   #$b6, D0
004d6: 0000 0cc4            ori.b   #$c4, D0
004da: 0000 0cd2            ori.b   #$d2, D0
004de: 0000 0cd2            ori.b   #$d2, D0
004e2: 0000 0cd2            ori.b   #$d2, D0
004e6: 0000 0cd2            ori.b   #$d2, D0
004ea: 0000 0cd2            ori.b   #$d2, D0
004ee: 0000 0cd2            ori.b   #$d2, D0
004f2: 0000 0cd2            ori.b   #$d2, D0
004f6: 0000 0cd2            ori.b   #$d2, D0
004fa: 0000 0cd2            ori.b   #$d2, D0
004fe: 0000 0cd2            ori.b   #$d2, D0
00502: 0000 0cd2            ori.b   #$d2, D0
00506: 0000 0cd2            ori.b   #$d2, D0
0050a: 0000 0cd2            ori.b   #$d2, D0
0050e: 0000 0cd2            ori.b   #$d2, D0
00512: 0000 0cd2            ori.b   #$d2, D0
00516: 0000 0cd2            ori.b   #$d2, D0
0051a: 0000 0cd2            ori.b   #$d2, D0
0051e: 0000 0ce6            ori.b   #$e6, D0
00522: 0000 0cf8            ori.b   #$f8, D0
00526: 0000 0cfc            ori.b   #$fc, D0
0052a: 0000 0d52            ori.b   #$52, D0
0052e: 0000 a812            ori.b   #$12, D0
00532: 0000 0f84            ori.b   #$84, D0
00536: 0000 1032            ori.b   #$32, D0
0053a: 0000 110c            ori.b   #$c, D0
0053e: 0000 111c            ori.b   #$1c, D0
00542: 0000 1144            ori.b   #$44, D0
00546: 0000 1154            ori.b   #$54, D0
0054a: 0000 1174            ori.b   #$74, D0
0054e: 0000 118a            ori.b   #$8a, D0
00552: 0000 11be            ori.b   #$be, D0
00556: 0000 11ca            ori.b   #$ca, D0
0055a: 0000 11e8            ori.b   #$e8, D0
0055e: 0000 11f8            ori.b   #$f8, D0
00562: 0000 1032            ori.b   #$32, D0
00566: 0000 1032            ori.b   #$32, D0
0056a: 0000 1032            ori.b   #$32, D0
0056e: 0000 1032            ori.b   #$32, D0
00572: 0000 1032            ori.b   #$32, D0
00576: 0000 1032            ori.b   #$32, D0
0057a: 0000 0cd2            ori.b   #$d2, D0
0057e: 0000 0cd2            ori.b   #$d2, D0
00582: 0000 0cd2            ori.b   #$d2, D0
00586: 0000 0cd2            ori.b   #$d2, D0
0058a: 0000 0cd2            ori.b   #$d2, D0
0058e: 0000 0cd2            ori.b   #$d2, D0
00592: 0000 0cd2            ori.b   #$d2, D0
00596: 0000 0cd2            ori.b   #$d2, D0
0059a: 0000 0cd2            ori.b   #$d2, D0
0059e: 0000 0cd2            ori.b   #$d2, D0
005a2: 0000 0cd2            ori.b   #$d2, D0
005a6: 0000 0cd2            ori.b   #$d2, D0
005aa: 0000 0cd2            ori.b   #$d2, D0
005ae: 0000 0cd2            ori.b   #$d2, D0
005b2: 0000 0cd2            ori.b   #$d2, D0
005b6: 0000 0cd2            ori.b   #$d2, D0
005ba: 48e7 fefe            movem.l D0-D6/A0-A6, -(A7)
005be: 4eb9 0001 9a78       jsr     $19a78.l
005c4: 0287 0000 00ff       andi.l  #$ff, D7
005ca: 2847                 movea.l D7, A4
005cc: 4280                 clr.l   D0
005ce: 4281                 clr.l   D1
005d0: 4282                 clr.l   D2
005d2: 4283                 clr.l   D3
005d4: 4284                 clr.l   D4
005d6: 4285                 clr.l   D5
005d8: 4286                 clr.l   D6
005da: 4287                 clr.l   D7
005dc: 123c 00d6            move.b  #$d6, D1
005e0: 143c 0050            move.b  #$50, D2
005e4: 163c 00ad            move.b  #$ad, D3
005e8: 280c                 move.l  A4, D4
005ea: e389                 lsl.l   #1, D1
005ec: e38a                 lsl.l   #1, D2
005ee: e38b                 lsl.l   #1, D3
005f0: e38c                 lsl.l   #1, D4
005f2: 0081 0080 0000       ori.l   #$800000, D1
005f8: 0082 0080 0000       ori.l   #$800000, D2
005fe: 0083 0080 0000       ori.l   #$800000, D3
00604: 0084 0080 0000       ori.l   #$800000, D4
0060a: 7a03                 moveq   #$3, D5
0060c: 267c ffff 8c01       movea.l #$ffff8c01, A3
00612: 7c0b                 moveq   #$b, D6
00614: 247c 0080 0000       movea.l #$800000, A2
0061a: 7e0c                 moveq   #$c, D7
0061c: 3487                 move.w  D7, (A2)
0061e: 57cf fffc            dbeq    D7, $61c
00622: 2441                 movea.l D1, A2
00624: 3480                 move.w  D0, (A2)
00626: 2442                 movea.l D2, A2
00628: 3480                 move.w  D0, (A2)
0062a: 2443                 movea.l D3, A2
0062c: 3480                 move.w  D0, (A2)
0062e: 2444                 movea.l D4, A2
00630: 3480                 move.w  D0, (A2)
00632: 4282                 clr.l   D2
00634: e58a                 lsl.l   #2, D2
00636: 3481                 move.w  D1, (A2)
00638: 1213                 move.b  (A3), D1
0063a: e689                 lsr.l   #3, D1
0063c: c285                 and.l   D5, D1
0063e: 8481                 or.l    D1, D2
00640: 57ce fff2            dbeq    D6, $634
00644: 200c                 move.l  A4, D0
00646: 4243                 clr.w   D3
