17362: 4e56 0000                 link    A6, #$0
17366: 48e7 8400                 movem.l D0/D5, -(A7)
1736a: 2a2e 0008                 move.l  ($8,A6), D5
1736e: 23fc 0000 0100 0078 27ba  move.l  #$100, $7827ba.l
17378: 0c85 0000 0002            cmpi.l  #$2, D5
1737e: 6610                      bne     $17390
17380: 45f8 000c                 lea     $c.w, A2
17384: d5f9 0078 2862            adda.l  $782862.l, A2
1738a: 14bc 0002                 move.b  #$2, (A2)
1738e: 6032                      bra     $173c2
17390: 0c85 0000 0001            cmpi.l  #$1, D5
17396: 6610                      bne     $173a8
17398: 45f8 000c                 lea     $c.w, A2
1739c: d5f9 0078 2862            adda.l  $782862.l, A2
173a2: 14bc 0001                 move.b  #$1, (A2)
173a6: 601a                      bra     $173c2
173a8: 4a85                      tst.l   D5
173aa: 661a                      bne     $173c6
173ac: 45f8 000c                 lea     $c.w, A2
173b0: d5f9 0078 2862            adda.l  $782862.l, A2
173b6: 4212                      clr.b   (A2)
173b8: 23fc 0000 0080 0078 27ba  move.l  #$80, $7827ba.l
173c2: 7e01                      moveq   #$1, D7
173c4: 6002                      bra     $173c8
173c6: 4287                      clr.l   D7
173c8: 4cdf 0021                 movem.l (A7)+, D0/D5
173cc: 4e5e                      unlk    A6
173ce: 4e75                      rts
173d0: 4e56 0000                 link    A6, #$0
173d4: 48e7 8400                 movem.l D0/D5, -(A7)
173d8: 2a2e 0008                 move.l  ($8,A6), D5
173dc: 0c85 0000 1067            cmpi.l  #$1067, D5
