0a1b0: 4e56 0000            link    A6, #$0
0a1b4: 4287                 clr.l   D7
0a1b6: 1e39 fffe 0001       move.b  $fffe0001.l, D7
0a1bc: 0807 0001            btst    #$1, D7
0a1c0: 670e                 beq     $a1d0
0a1c2: 13ee 000b fffe 0003  move.b  ($b,A6), $fffe0003.l
0a1ca: 7e01                 moveq   #$1, D7
0a1cc: 4e5e                 unlk    A6
0a1ce: 4e75                 rts
0a1d0: 4287                 clr.l   D7
0a1d2: 4e5e                 unlk    A6
0a1d4: 4e75                 rts
0a1d6: 4e56 fffc            link    A6, #-$4
0a1da: 4287                 clr.l   D7
0a1dc: 1e39 fffe e005       move.b  $fffee005.l, D7
0a1e2: 0807 0007            btst    #$7, D7
0a1e6: 6714                 beq     $a1fc
0a1e8: 2ebc 0000 0080       move.l  #$80, (A7)
0a1ee: 2f3c 0078 0e2e       move.l  #$780e2e, -(A7)
0a1f4: 4eb9 0000 9bee       jsr     $9bee.l
0a1fa: 588f                 addq.l  #4, A7
0a1fc: 4287                 clr.l   D7
0a1fe: 1e39 fffe e005       move.b  $fffee005.l, D7
0a204: 0807 0006            btst    #$6, D7
0a208: 6712                 beq     $a21c
0a20a: 4878 0040            pea     $40.w
0a20e: 2f3c 0078 0e2e       move.l  #$780e2e, -(A7)
0a214: 4eb9 0000 9bee       jsr     $9bee.l
0a21a: 508f                 addq.l  #8, A7
0a21c: 4287                 clr.l   D7
0a21e: 1e39 fffe e005       move.b  $fffee005.l, D7
0a224: 0807 0001            btst    #$1, D7
0a228: 670e                 beq     $a238
0a22a: 13ee 000b fffe e003  move.b  ($b,A6), $fffee003.l
0a232: 7e01                 moveq   #$1, D7
0a234: 4e5e                 unlk    A6
0a236: 4e75                 rts
0a238: 4287                 clr.l   D7
0a23a: 4e5e                 unlk    A6
0a23c: 4e75                 rts
0a23e: 4e56 0000            link    A6, #$0
