04200: d9fc 0000 ba3e            adda.l  #$ba3e, A4
04206: 4286                      clr.l   D6
04208: 3c14                      move.w  (A4), D6
0420a: 0286 0000 f0ff            andi.l  #$f0ff, D6
04210: 8e86                      or.l    D6, D7
04212: 3487                      move.w  D7, (A2)
04214: 6000 008e                 bra     $42a4
04218: 2ebc 0000 b192            move.l  #$b192, (A7)
0421e: 4eb9 0000 8c7a            jsr     $8c7a.l
04224: 4eb9 0000 5e80            jsr     $5e80.l
0422a: 4eb9 0000 5f96            jsr     $5f96.l
04230: 4eb9 0000 2d46            jsr     $2d46.l
04236: 4eb9 0000 a16a            jsr     $a16a.l
0423c: 4eb9 0000 15a6            jsr     $15a6.l
04242: 08b9 0000 0078 21cd       bclr    #$0, $7821cd.l
0424a: 4eb9 0000 15ac            jsr     $15ac.l
04250: 4878 0015                 pea     $15.w
04254: 4eb9 0000 10d8            jsr     $10d8.l
0425a: 588f                      addq.l  #4, A7
0425c: 4eb9 0000 a3ca            jsr     $a3ca.l
04262: 0c87 0000 00ff            cmpi.l  #$ff, D7
04268: 6766                      beq     $42d0
0426a: 60f0                      bra     $425c
0426c: 4eb9 0000 571e            jsr     $571e.l
04272: 60b0                      bra     $4224
04274: 4287                      clr.l   D7
04276: 1e39 0078 22d5            move.b  $7822d5.l, D7
0427c: 2e87                      move.l  D7, (A7)
0427e: 4878 0003                 pea     $3.w
04282: 4eb9 0003 32ee            jsr     $332ee.l
04288: 2e17                      move.l  (A7), D7
0428a: de85                      add.l   D5, D7
0428c: e387                      asl.l   #1, D7
0428e: 2447                      movea.l D7, A2
04290: d5fc 0078 0eda            adda.l  #$780eda, A2
04296: 2e05                      move.l  D5, D7
04298: e387                      asl.l   #1, D7
0429a: 2847                      movea.l D7, A4
0429c: d9fc 0000 ba3e            adda.l  #$ba3e, A4
042a2: 3494                      move.w  (A4), (A2)
042a4: 4287                      clr.l   D7
042a6: 1e39 0078 22d5            move.b  $7822d5.l, D7
042ac: 2e87                      move.l  D7, (A7)
042ae: 4878 0003                 pea     $3.w
042b2: 4eb9 0003 32ee            jsr     $332ee.l
042b8: 2e17                      move.l  (A7), D7
042ba: de85                      add.l   D5, D7
042bc: e387                      asl.l   #1, D7
042be: 2447                      movea.l D7, A2
042c0: d5fc 0078 0eba            adda.l  #$780eba, A2
042c6: 34bc 0001                 move.w  #$1, (A2)
042ca: 5285                      addq.l  #1, D5
042cc: 6000 feca                 bra     $4198
042d0: 4287                      clr.l   D7
042d2: 1e39 0078 0e40            move.b  $780e40.l, D7
042d8: 0c47 0002                 cmpi.w  #$2, D7
042dc: 6644                      bne     $4322
042de: 2d79 0078 0e04 fffc       move.l  $780e04.l, (-$4,A6)
042e6: 4287                      clr.l   D7
042e8: 1e39 fffe e005            move.b  $fffee005.l, D7
042ee: 0807 0002                 btst    #$2, D7
042f2: 6600 00bc                 bne     $43b0
042f6: 2e39 0078 0e04            move.l  $780e04.l, D7
042fc: 9eae fffc                 sub.l   (-$4,A6), D7
04300: 0c87 0000 0015            cmpi.l  #$15, D7
04306: 63de                      bls     $42e6
04308: 4878 0010                 pea     $10.w
0430c: 2f3c 0078 0e36            move.l  #$780e36, -(A7)
04312: 4eb9 0000 9bee            jsr     $9bee.l
04318: 508f                      addq.l  #8, A7
0431a: 4cdf 3021                 movem.l (A7)+, D0/D5/A4-A5
0431e: 4e5e                      unlk    A6
04320: 4e75                      rts
04322: 13fc 0001 0078 0e3b       move.b  #$1, $780e3b.l
0432a: 08f9 0003 0078 0e66       bset    #$3, $780e66.l
04332: 4a39 0078 0e3b            tst.b   $780e3b.l
04338: 6700 00e0                 beq     $441a
0433c: 4878 0005                 pea     $5.w
04340: 2f3c 0078 0242            move.l  #$780242, -(A7)
04346: 4eb9 0000 10e0            jsr     $10e0.l
0434c: 508f                      addq.l  #8, A7
0434e: 4eb9 0000 15a6            jsr     $15a6.l
04354: 4eb9 0000 3178            jsr     $3178.l
0435a: 42b9 0078 0e32            clr.l   $780e32.l
04360: 23f9 0078 0e32 0078 0e2e  move.l  $780e32.l, $780e2e.l
0436a: 08b9 0000 0078 0e29       bclr    #$0, $780e29.l
04372: 02b9 ffff ff67 0078 0e2a  andi.l  #$ffffff67, $780e2a.l
0437c: 4eb9 0000 15ac            jsr     $15ac.l
04382: 2a7c 0078 0f02            movea.l #$780f02, A5
04388: bbfc 0078 10b2            cmpa.l  #$7810b2, A5
0438e: 64a2                      bcc     $4332
04390: 4287                      clr.l   D7
04392: 1e2d 0004                 move.b  ($4,A5), D7
04396: 0c47 0002                 cmpi.w  #$2, D7
0439a: 6700 00b6                 beq     $4452
0439e: 4287                      clr.l   D7
043a0: 1e2d 0004                 move.b  ($4,A5), D7
043a4: 0c47 0004                 cmpi.w  #$4, D7
043a8: 6600 00c0                 bne     $446a
043ac: 6000 00a4                 bra     $4452
043b0: 4eb9 0000 15a6            jsr     $15a6.l
043b6: 0239 0080 0078 28fc       andi.b  #$80, $7828fc.l
043be: 08f9 0001 0078 28fc       bset    #$1, $7828fc.l
043c6: 13f9 0078 28fc fffe e007  move.b  $7828fc.l, $fffee007.l
043d0: 4eb9 0000 15ac            jsr     $15ac.l
043d6: 2d79 0078 0e04 fffc       move.l  $780e04.l, (-$4,A6)
043de: 4287                      clr.l   D7
043e0: 1e39 fffe e005            move.b  $fffee005.l, D7
043e6: 0807 0002                 btst    #$2, D7
043ea: 6600 ff36                 bne     $4322
043ee: 2e39 0078 0e04            move.l  $780e04.l, D7
043f4: 9eae fffc                 sub.l   (-$4,A6), D7
043f8: 0c87 0000 0065            cmpi.l  #$65, D7
043fe: 63de                      bls     $43de
04400: 4878 0010                 pea     $10.w
04404: 2f3c 0078 0e36            move.l  #$780e36, -(A7)
0440a: 4eb9 0000 9bee            jsr     $9bee.l
04410: 508f                      addq.l  #8, A7
04412: 4cdf 3021                 movem.l (A7)+, D0/D5/A4-A5
04416: 4e5e                      unlk    A6
04418: 4e75                      rts
0441a: 2ebc 0078 0242            move.l  #$780242, (A7)
04420: 4eb9 0000 1104            jsr     $1104.l
04426: 2a79 0078 0ea6            movea.l $780ea6.l, A5
0442c: 4287                      clr.l   D7
0442e: 1e2d 0004                 move.b  ($4,A5), D7
04432: 0c47 0001                 cmpi.w  #$1, D7
04436: 663c                      bne     $4474
04438: 422d 0004                 clr.b   ($4,A5)
0443c: 2ebc 0000 0100            move.l  #$100, (A7)
04442: 42a7                      clr.l   -(A7)
04444: 2f2d 0020                 move.l  ($20,A5), -(A7)
04448: 4eb9 0000 18b4            jsr     $18b4.l
0444e: 508f                      addq.l  #8, A7
04450: 6022                      bra     $4474
04452: 422d 0004                 clr.b   ($4,A5)
04456: 2ebc 0000 0100            move.l  #$100, (A7)
0445c: 42a7                      clr.l   -(A7)
0445e: 2f2d 0020                 move.l  ($20,A5), -(A7)
04462: 4eb9 0000 18b4            jsr     $18b4.l
04468: 508f                      addq.l  #8, A7
0446a: dbfc 0000 006c            adda.l  #$6c, A5
04470: 6000 ff16                 bra     $4388
04474: 4eb9 0000 30e2            jsr     $30e2.l
0447a: 4eb9 0001 9dd2            jsr     $19dd2.l
04480: 4287                      clr.l   D7
04482: 1e39 0078 21a2            move.b  $7821a2.l, D7
04488: 2e87                      move.l  D7, (A7)
0448a: 4eb9 0000 6b5c            jsr     $6b5c.l
04490: 13fc 0001 0078 0e3a       move.b  #$1, $780e3a.l
04498: 4eb9 0000 15a6            jsr     $15a6.l
0449e: 08f9 0000 0078 21cd       bset    #$0, $7821cd.l
044a6: 4eb9 0000 15ac            jsr     $15ac.l
044ac: 4eb9 0000 70ca            jsr     $70ca.l
044b2: 13fc 0001 0078 21b0       move.b  #$1, $7821b0.l
044ba: 4eb9 0000 15a6            jsr     $15a6.l
044c0: 4239 0078 0e68            clr.b   $780e68.l
044c6: 4eb9 0000 15ac            jsr     $15ac.l
044cc: 4cdf 3021                 movem.l (A7)+, D0/D5/A4-A5
044d0: 4e5e                      unlk    A6
044d2: 4e75                      rts
