06200: 4eb9 0000 2d46            jsr     $2d46.l
06206: 4eb9 0000 a16a            jsr     $a16a.l
0620c: 4eb9 0000 15a6            jsr     $15a6.l
06212: 08b9 0000 0078 21cd       bclr    #$0, $7821cd.l
0621a: 4eb9 0000 15ac            jsr     $15ac.l
06220: 4878 0015                 pea     $15.w
06224: 4eb9 0000 10d8            jsr     $10d8.l
0622a: 588f                      addq.l  #4, A7
0622c: 13fc 0001 0078 0e3b       move.b  #$1, $780e3b.l
06234: 08f9 0003 0078 0e66       bset    #$3, $780e66.l
0623c: 4a39 0078 0e3b            tst.b   $780e3b.l
06242: 676e                      beq     $62b2
06244: 4878 0005                 pea     $5.w
06248: 2f3c 0078 0242            move.l  #$780242, -(A7)
0624e: 4eb9 0000 10e0            jsr     $10e0.l
06254: 508f                      addq.l  #8, A7
06256: 4eb9 0000 15a6            jsr     $15a6.l
0625c: 4eb9 0000 3178            jsr     $3178.l
06262: 42b9 0078 0e32            clr.l   $780e32.l
06268: 23f9 0078 0e32 0078 0e2e  move.l  $780e32.l, $780e2e.l
06272: 08b9 0000 0078 0e29       bclr    #$0, $780e29.l
0627a: 02b9 ffff ff77 0078 0e2a  andi.l  #$ffffff77, $780e2a.l
