09b5e: 4e56 fffc            link    A6, #-$4
09b62: 4eb9 0000 15a6       jsr     $15a6.l
09b68: 246e 0008            movea.l ($8,A6), A2
09b6c: 2e2e 000c            move.l  ($c,A6), D7
09b70: 8f92                 or.l    D7, (A2)
09b72: 4eb9 0000 15ac       jsr     $15ac.l
09b78: 246e 0008            movea.l ($8,A6), A2
09b7c: 2e12                 move.l  (A2), D7
09b7e: ceae 000c            and.l   ($c,A6), D7
09b82: 671a                 beq     $9b9e
09b84: 2ebc 0078 0202       move.l  #$780202, (A7)
09b8a: 4eb9 0000 10c8       jsr     $10c8.l
09b90: 4878 0005            pea     $5.w
09b94: 4eb9 0000 10d0       jsr     $10d0.l
09b9a: 588f                 addq.l  #4, A7
09b9c: 60da                 bra     $9b78
09b9e: 4e5e                 unlk    A6
09ba0: 4e75                 rts
09ba2: 4e56 fffc            link    A6, #-$4
09ba6: 4eb9 0000 15a6       jsr     $15a6.l
09bac: 246e 0008            movea.l ($8,A6), A2
09bb0: 2e2e 000c            move.l  ($c,A6), D7
09bb4: 8f92                 or.l    D7, (A2)
09bb6: 4eb9 0000 15ac       jsr     $15ac.l
09bbc: 2ebc 0078 0202       move.l  #$780202, (A7)
09bc2: 4eb9 0000 10c8       jsr     $10c8.l
09bc8: 4e5e                 unlk    A6
09bca: 4e75                 rts
09bcc: 4e56 fffc            link    A6, #-$4
09bd0: 2eae 000c            move.l  ($c,A6), (A7)
09bd4: 2f2e 0008            move.l  ($8,A6), -(A7)
09bd8: 4eba ffc8            jsr     ($9ba2,PC)
09bdc: 588f                 addq.l  #4, A7
09bde: 4878 0005            pea     $5.w
09be2: 4eb9 0000 10d0       jsr     $10d0.l
09be8: 588f                 addq.l  #4, A7
09bea: 4e5e                 unlk    A6
09bec: 4e75                 rts
09bee: 4e56 0000            link    A6, #$0
09bf2: 4eb9 0000 15a6       jsr     $15a6.l
09bf8: 246e 0008            movea.l ($8,A6), A2
09bfc: 2e2e 000c            move.l  ($c,A6), D7
09c00: 8f92                 or.l    D7, (A2)
09c02: 4eb9 0000 15ac       jsr     $15ac.l
09c08: 4e5e                 unlk    A6
09c0a: 4e75                 rts
09c0c: 4e56 0000            link    A6, #$0
09c10: 4eb9 0000 15a6       jsr     $15a6.l
09c16: 246e 0008            movea.l ($8,A6), A2
09c1a: 2e2e 000c            move.l  ($c,A6), D7
09c1e: 4687                 not.l   D7
09c20: cf92                 and.l   D7, (A2)
09c22: 4eb9 0000 15ac       jsr     $15ac.l
09c28: 4e5e                 unlk    A6
09c2a: 4e75                 rts
09c2c: 4e56 fffc            link    A6, #-$4
09c30: 4eb9 0000 15a6       jsr     $15a6.l
09c36: 0839 0003 0078 0e2d  btst    #$3, $780e2d.l
09c3e: 6630                 bne     $9c70
09c40: 13fc 0001 0078 21cc  move.b  #$1, $7821cc.l
09c48: 13fc 0001 0078 22db  move.b  #$1, $7822db.l
09c50: 4878 0008            pea     $8.w
09c54: 2f3c 0078 0e2a       move.l  #$780e2a, -(A7)
09c5a: 4eba ff02            jsr     ($9b5e,PC)
09c5e: 508f                 addq.l  #8, A7
09c60: 4239 0078 21cc       clr.b   $7821cc.l
09c66: 4eb9 0000 15ac       jsr     $15ac.l
09c6c: 4e5e                 unlk    A6
09c6e: 4e75                 rts
09c70: 4eb9 0000 15ac       jsr     $15ac.l
09c76: 2ebc 0078 0202       move.l  #$780202, (A7)
09c7c: 4eb9 0000 10c8       jsr     $10c8.l
09c82: 4878 0005            pea     $5.w
09c86: 4eb9 0000 10d0       jsr     $10d0.l
09c8c: 588f                 addq.l  #4, A7
09c8e: 60a0                 bra     $9c30
09c90: 4e56 0000            link    A6, #$0
09c94: 48e7 8404            movem.l D0/D5/A5, -(A7)
09c98: 0cae 0000 0021 0008  cmpi.l  #$21, ($8,A6)
09ca0: 660a                 bne     $9cac
09ca2: 4287                 clr.l   D7
09ca4: 1e39 0078 21a3       move.b  $7821a3.l, D7
09caa: 601e                 bra     $9cca
09cac: 2a7c 0000 a0de       movea.l #$a0de, A5
