0071c: 48e7 8000            movem.l D0, -(A7)
00720: 3039 00ff 8000       move.w  $ff8000.l, D0
00726: 4640                 not.w   D0
00728: 0240 0f00            andi.w  #$f00, D0
0072c: e048                 lsr.w   #8, D0
0072e: 33c0 0078 0e4c       move.w  D0, $780e4c.l
00734: 4cdf 0001            movem.l (A7)+, D0
00738: 4e75                 rts
0073a: 48e7 1c1e            movem.l D3-D5/A3-A6, -(A7)
0073e: 4207                 clr.b   D7
00740: 08f9 0005 0078 3eee  bset    #$5, $783eee.l
00748: 6100 0030            bsr     $77a
0074c: 0c39 0061 0000 0100  cmpi.b  #$61, $100.l
00754: 6c06                 bge     $75c
00756: 6100 002a            bsr     $782
0075a: 6610                 bne     $76c
0075c: 6100 0074            bsr     $7d2
00760: 660a                 bne     $76c
00762: 6100 023a            bsr     $99e
00766: 6604                 bne     $76c
00768: 6100 040a            bsr     $b74
0076c: 4cdf 7838            movem.l (A7)+, D3-D5/A3-A6
00770: 4239 0078 3eee       clr.b   $783eee.l
00776: ce87                 and.l   D7, D7
00778: 4e75                 rts
0077a: 11fc 0000 a200       move.b  #$0, $a200.w
00780: 4e75                 rts
00782: 4287                 clr.l   D7
00784: 610a                 bsr     $790
00786: 6604                 bne     $78c
00788: 6100 001e            bsr     $7a8
0078c: ce87                 and.l   D7, D7
0078e: 4e75                 rts
00790: 203c 0002 0000       move.l  #$20000, D0
00796: 41f8 0000            lea     $0.w, A0
0079a: 6100 0026            bsr     $7c2
