1b4c0: 4e56 fffc            link    A6, #-$4
1b4c4: 48e7 8404            movem.l D0/D5/A5, -(A7)
1b4c8: 2a7c 0078 2324       movea.l #$782324, A5
1b4ce: 4285                 clr.l   D5
1b4d0: 3a39 0078 278e       move.w  $78278e.l, D5
1b4d6: 02ae 00ff ffff 0008  andi.l  #$ffffff, ($8,A6)
1b4de: 2e05                 move.l  D5, D7
1b4e0: 5385                 subq.l  #1, D5
1b4e2: 4a87                 tst.l   D7
1b4e4: 6f1a                 ble     $1b500
1b4e6: 2e15                 move.l  (A5), D7
1b4e8: 0287 00ff ffff       andi.l  #$ffffff, D7
1b4ee: 2d47 fffc            move.l  D7, (-$4,A6)
1b4f2: 2e2e fffc            move.l  (-$4,A6), D7
1b4f6: beae 0008            cmp.l   ($8,A6), D7
1b4fa: 660e                 bne     $1b50a
1b4fc: 2e0d                 move.l  A5, D7
1b4fe: 6002                 bra     $1b502
1b500: 4287                 clr.l   D7
1b502: 4cdf 2021            movem.l (A7)+, D0/D5/A5
1b506: 4e5e                 unlk    A6
1b508: 4e75                 rts
1b50a: 588d                 addq.l  #4, A5
1b50c: 60d0                 bra     $1b4de
1b50e: 4e56 fffa            link    A6, #-$6
1b512: 48e7 9c0c            movem.l D0/D3-D5/A4-A5, -(A7)
1b516: 0cae 0000 00ff 000c  cmpi.l  #$ff, ($c,A6)
1b51e: 6732                 beq     $1b552
1b520: 2eae 000c            move.l  ($c,A6), (A7)
1b524: 2f2e 0008            move.l  ($8,A6), -(A7)
1b528: 4eb9 0001 b8ea       jsr     $1b8ea.l
1b52e: 588f                 addq.l  #4, A7
1b530: 4a87                 tst.l   D7
1b532: 6634                 bne     $1b568
1b534: 2479 0078 28a0       movea.l $7828a0.l, A2
1b53a: 2e12                 move.l  (A2), D7
1b53c: 0287 00ff ffff       andi.l  #$ffffff, D7
1b542: 2d47 fffa            move.l  D7, (-$6,A6)
1b546: 246e 0010            movea.l ($10,A6), A2
1b54a: 34b9 0078 28a4       move.w  $7828a4.l, (A2)
1b550: 600a                 bra     $1b55c
1b552: 246e 0010            movea.l ($10,A6), A2
1b556: 4252                 clr.w   (A2)
1b558: 42ae fffa            clr.l   (-$6,A6)
1b55c: 2e2e fffa            move.l  (-$6,A6), D7
1b560: 4cdf 3039            movem.l (A7)+, D0/D3-D5/A4-A5
1b564: 4e5e                 unlk    A6
1b566: 4e75                 rts
1b568: 0cae 0000 0003 0008  cmpi.l  #$3, ($8,A6)
1b570: 6610                 bne     $1b582
1b572: 2a79 0078 27ac       movea.l $7827ac.l, A5
1b578: 4284                 clr.l   D4
1b57a: 3839 0078 279a       move.w  $78279a.l, D4
1b580: 6022                 bra     $1b5a4
1b582: 0cae 0000 0001 0008  cmpi.l  #$1, ($8,A6)
1b58a: 670a                 beq     $1b596
1b58c: 0cae 0000 0002 0008  cmpi.l  #$2, ($8,A6)
1b594: 6658                 bne     $1b5ee
1b596: 2a79 0078 27b0       movea.l $7827b0.l, A5
1b59c: 4284                 clr.l   D4
1b59e: 3839 0078 279c       move.w  $78279c.l, D4
1b5a4: 4287                 clr.l   D7
1b5a6: 3e39 0078 21a0       move.w  $7821a0.l, D7
1b5ac: 0c87 0000 0115       cmpi.l  #$115, D7
1b5b2: 6752                 beq     $1b606
1b5b4: 4287                 clr.l   D7
1b5b6: 3e39 0078 21a0       move.w  $7821a0.l, D7
1b5bc: 0c87 0000 0175       cmpi.l  #$175, D7
1b5c2: 6742                 beq     $1b606
1b5c4: 4287                 clr.l   D7
1b5c6: 3e39 0078 21a0       move.w  $7821a0.l, D7
1b5cc: 0c87 0000 0155       cmpi.l  #$155, D7
1b5d2: 6732                 beq     $1b606
1b5d4: 4287                 clr.l   D7
1b5d6: 3e39 0078 21a0       move.w  $7821a0.l, D7
1b5dc: 0c87 0000 000e       cmpi.l  #$e, D7
1b5e2: 6722                 beq     $1b606
1b5e4: 13fc 0001 0078 28ac  move.b  #$1, $7828ac.l
1b5ec: 601e                 bra     $1b60c
1b5ee: 4aae 0008            tst.l   ($8,A6)
1b5f2: 6600 ff5e            bne     $1b552
1b5f6: 2a79 0078 27b4       movea.l $7827b4.l, A5
1b5fc: 4284                 clr.l   D4
1b5fe: 3839 0078 279e       move.w  $78279e.l, D4
1b604: 609e                 bra     $1b5a4
1b606: 4239 0078 28ac       clr.b   $7828ac.l
1b60c: 4283                 clr.l   D3
1b60e: 7a01                 moveq   #$1, D5
1b610: 49f8 0001            lea     $1.w, A4
1b614: 2e0c                 move.l  A4, D7
1b616: 6d00 ff3a            blt     $1b552
1b61a: 4a84                 tst.l   D4
1b61c: 6f32                 ble     $1b650
1b61e: 2e8d                 move.l  A5, (A7)
1b620: 4eb9 0001 bbfe       jsr     $1bbfe.l
1b626: 3d47 fffe            move.w  D7, (-$2,A6)
1b62a: 4287                 clr.l   D7
1b62c: 3e2e fffe            move.w  (-$2,A6), D7
1b630: 2e87                 move.l  D7, (A7)
1b632: 2f2e 0008            move.l  ($8,A6), -(A7)
1b636: 2f0d                 move.l  A5, -(A7)
1b638: 4eb9 0001 b750       jsr     $1b750.l
1b63e: 508f                 addq.l  #8, A7
1b640: 2d47 fffa            move.l  D7, (-$6,A6)
1b644: 4aae fffa            tst.l   (-$6,A6)
1b648: 6624                 bne     $1b66e
1b64a: 588d                 addq.l  #4, A5
1b64c: 5384                 subq.l  #1, D4
1b64e: 60ca                 bra     $1b61a
1b650: 0cae 0000 0003 0008  cmpi.l  #$3, ($8,A6)
1b658: 6600 00b8            bne     $1b712
1b65c: 2a79 0078 27a0       movea.l $7827a0.l, A5
1b662: 4284                 clr.l   D4
1b664: 3839 0078 2792       move.w  $782792.l, D4
1b66a: 6000 00c8            bra     $1b734
1b66e: 0cae 0000 0002 fffa  cmpi.l  #$2, (-$6,A6)
1b676: 6602                 bne     $1b67a
1b678: 7601                 moveq   #$1, D3
1b67a: 2e2e 000c            move.l  ($c,A6), D7
1b67e: be85                 cmp.l   D5, D7
1b680: 6630                 bne     $1b6b2
1b682: 4287                 clr.l   D7
1b684: 3e2e fffe            move.w  (-$2,A6), D7
1b688: 0c87 0000 0115       cmpi.l  #$115, D7
1b68e: 6654                 bne     $1b6e4
1b690: 4287                 clr.l   D7
1b692: 1e39 0078 28ac       move.b  $7828ac.l, D7
1b698: 0c47 0001            cmpi.w  #$1, D7
1b69c: 6646                 bne     $1b6e4
1b69e: 0c83 0000 0001       cmpi.l  #$1, D3
1b6a4: 663e                 bne     $1b6e4
1b6a6: 246e 0010            movea.l ($10,A6), A2
1b6aa: 34b9 0078 21a0       move.w  $7821a0.l, (A2)
1b6b0: 603a                 bra     $1b6ec
1b6b2: 4287                 clr.l   D7
1b6b4: 3e2e fffe            move.w  (-$2,A6), D7
1b6b8: 0c87 0000 0115       cmpi.l  #$115, D7
1b6be: 663c                 bne     $1b6fc
1b6c0: 4287                 clr.l   D7
1b6c2: 1e39 0078 28ac       move.b  $7828ac.l, D7
1b6c8: 0c47 0001            cmpi.w  #$1, D7
1b6cc: 662e                 bne     $1b6fc
1b6ce: 4a83                 tst.l   D3
1b6d0: 6634                 bne     $1b706
1b6d2: 2e39 0078 28a0       move.l  $7828a0.l, D7
1b6d8: be8d                 cmp.l   A5, D7
1b6da: 672a                 beq     $1b706
1b6dc: 7601                 moveq   #$1, D3
1b6de: 5285                 addq.l  #1, D5
1b6e0: 6000 ff38            bra     $1b61a
1b6e4: 246e 0010            movea.l ($10,A6), A2
1b6e8: 34ae fffe            move.w  (-$2,A6), (A2)
1b6ec: 2e15                 move.l  (A5), D7
1b6ee: 0287 00ff ffff       andi.l  #$ffffff, D7
1b6f4: 2d47 fffa            move.l  D7, (-$6,A6)
1b6f8: 6000 fe62            bra     $1b55c
1b6fc: 588d                 addq.l  #4, A5
1b6fe: 5384                 subq.l  #1, D4
1b700: 5285                 addq.l  #1, D5
1b702: 6000 ff16            bra     $1b61a
1b706: 4283                 clr.l   D3
1b708: 588d                 addq.l  #4, A5
1b70a: 5384                 subq.l  #1, D4
1b70c: 5285                 addq.l  #1, D5
1b70e: 6000 ff0a            bra     $1b61a
1b712: 0cae 0000 0001 0008  cmpi.l  #$1, ($8,A6)
1b71a: 670a                 beq     $1b726
1b71c: 0cae 0000 0002 0008  cmpi.l  #$2, ($8,A6)
1b724: 6614                 bne     $1b73a
1b726: 2a79 0078 27a4       movea.l $7827a4.l, A5
1b72c: 4284                 clr.l   D4
1b72e: 3839 0078 2794       move.w  $782794.l, D4
1b734: 538c                 subq.l  #1, A4
1b736: 6000 fedc            bra     $1b614
1b73a: 4aae 0008            tst.l   ($8,A6)
1b73e: 66f4                 bne     $1b734
1b740: 2a79 0078 27a8       movea.l $7827a8.l, A5
1b746: 4284                 clr.l   D4
1b748: 3839 0078 2796       move.w  $782796.l, D4
1b74e: 60e4                 bra     $1b734
1b750: 4e56 fff8            link    A6, #-$8
1b754: 2eae 0010            move.l  ($10,A6), (A7)
1b758: 2f2e 000c            move.l  ($c,A6), -(A7)
1b75c: 2f2e 0008            move.l  ($8,A6), -(A7)
1b760: 4eb9 0001 b7b2       jsr     $1b7b2.l
1b766: 508f                 addq.l  #8, A7
1b768: 4a87                 tst.l   D7
1b76a: 6714                 beq     $1b780
1b76c: 2eae 0010            move.l  ($10,A6), (A7)
1b770: 2f2e 0008            move.l  ($8,A6), -(A7)
1b774: 4eb9 0001 b8b6       jsr     $1b8b6.l
1b77a: 588f                 addq.l  #4, A7
1b77c: 4a87                 tst.l   D7
1b77e: 6606                 bne     $1b786
1b780: 4287                 clr.l   D7
1b782: 4e5e                 unlk    A6
1b784: 4e75                 rts
1b786: 2e39 0078 28a0       move.l  $7828a0.l, D7
1b78c: beae 0008            cmp.l   ($8,A6), D7
1b790: 6614                 bne     $1b7a6
1b792: 0cae 0000 0001 000c  cmpi.l  #$1, ($c,A6)
1b79a: 6710                 beq     $1b7ac
1b79c: 0cae 0000 0002 000c  cmpi.l  #$2, ($c,A6)
1b7a4: 6706                 beq     $1b7ac
1b7a6: 7e01                 moveq   #$1, D7
1b7a8: 4e5e                 unlk    A6
1b7aa: 4e75                 rts
1b7ac: 7e02                 moveq   #$2, D7
1b7ae: 4e5e                 unlk    A6
1b7b0: 4e75                 rts
1b7b2: 4e56 fff6            link    A6, #-$a
1b7b6: 246e 0008            movea.l ($8,A6), A2
1b7ba: 2e12                 move.l  (A2), D7
1b7bc: 0287 00ff ffff       andi.l  #$ffffff, D7
1b7c2: 2d47 fffc            move.l  D7, (-$4,A6)
1b7c6: 0cae 0000 0003 000c  cmpi.l  #$3, ($c,A6)
1b7ce: 662a                 bne     $1b7fa
1b7d0: 0cae 0000 0175 0010  cmpi.l  #$175, ($10,A6)
1b7d8: 6750                 beq     $1b82a
1b7da: 0cae 0000 0155 0010  cmpi.l  #$155, ($10,A6)
1b7e2: 6746                 beq     $1b82a
1b7e4: 0cae 0000 0115 0010  cmpi.l  #$115, ($10,A6)
1b7ec: 673c                 beq     $1b82a
1b7ee: 0cae 0000 000e 0010  cmpi.l  #$e, ($10,A6)
1b7f6: 663a                 bne     $1b832
1b7f8: 6030                 bra     $1b82a
1b7fa: 0cae 0000 0001 000c  cmpi.l  #$1, ($c,A6)
1b802: 663c                 bne     $1b840
1b804: 0cae 0020 0000 fffc  cmpi.l  #$200000, (-$4,A6)
1b80c: 6524                 bcs     $1b832
1b80e: 0cae 003f fffe fffc  cmpi.l  #$3ffffe, (-$4,A6)
1b816: 621a                 bhi     $1b832
1b818: 0cae 0000 0005 0010  cmpi.l  #$5, ($10,A6)
1b820: 6710                 beq     $1b832
1b822: 1d7c 0001 fffb       move.b  #$1, (-$5,A6)
1b828: 600c                 bra     $1b836
1b82a: 1d7c 0001 fffb       move.b  #$1, (-$5,A6)
1b830: 6004                 bra     $1b836
1b832: 422e fffb            clr.b   (-$5,A6)
1b836: 4287                 clr.l   D7
1b838: 1e2e fffb            move.b  (-$5,A6), D7
1b83c: 4e5e                 unlk    A6
1b83e: 4e75                 rts
1b840: 0cae 0000 0002 000c  cmpi.l  #$2, ($c,A6)
1b848: 6626                 bne     $1b870
1b84a: 0cae 0040 0000 fffc  cmpi.l  #$400000, (-$4,A6)
1b852: 65de                 bcs     $1b832
1b854: 0cae 005f fffe fffc  cmpi.l  #$5ffffe, (-$4,A6)
1b85c: 62d4                 bhi     $1b832
1b85e: 0cae 0000 0005 0010  cmpi.l  #$5, ($10,A6)
1b866: 67ca                 beq     $1b832
1b868: 1d7c 0001 fffb       move.b  #$1, (-$5,A6)
1b86e: 60c6                 bra     $1b836
1b870: 4aae 000c            tst.l   ($c,A6)
1b874: 66bc                 bne     $1b832
1b876: 0cae 0000 0005 0010  cmpi.l  #$5, ($10,A6)
1b87e: 67b2                 beq     $1b832
1b880: 486e fff6            pea     (-$a,A6)
1b884: 2f2e fffc            move.l  (-$4,A6), -(A7)
1b888: 4eb9 0001 70be       jsr     $170be.l
1b88e: 508f                 addq.l  #8, A7
1b890: 246e fff6            movea.l (-$a,A6), A2
1b894: 548a                 addq.l  #2, A2
1b896: 2e12                 move.l  (A2), D7
1b898: 203c 0000 001e       move.l  #$1e, D0
1b89e: e0a7                 asr.l   D0, D7
1b8a0: 0287 0000 0001       andi.l  #$1, D7
1b8a6: 0c87 0000 0001       cmpi.l  #$1, D7
1b8ac: 6684                 bne     $1b832
1b8ae: 1d7c 0001 fffb       move.b  #$1, (-$5,A6)
1b8b4: 6080                 bra     $1b836
1b8b6: 4e56 0000            link    A6, #$0
1b8ba: 2e39 0078 28a0       move.l  $7828a0.l, D7
1b8c0: beae 0008            cmp.l   ($8,A6), D7
1b8c4: 6618                 bne     $1b8de
1b8c6: 0cae 0000 0115 000c  cmpi.l  #$115, ($c,A6)
1b8ce: 6614                 bne     $1b8e4
1b8d0: 4287                 clr.l   D7
1b8d2: 1e39 0078 28ac       move.b  $7828ac.l, D7
1b8d8: 0c47 0001            cmpi.w  #$1, D7
1b8dc: 6606                 bne     $1b8e4
1b8de: 7e01                 moveq   #$1, D7
1b8e0: 4e5e                 unlk    A6
1b8e2: 4e75                 rts
1b8e4: 4287                 clr.l   D7
1b8e6: 4e5e                 unlk    A6
1b8e8: 4e75                 rts
1b8ea: 4e56 fffa            link    A6, #-$6
1b8ee: 42b9 0078 28a0       clr.l   $7828a0.l
1b8f4: 4aae 0008            tst.l   ($8,A6)
1b8f8: 6606                 bne     $1b900
1b8fa: 7e01                 moveq   #$1, D7
1b8fc: 4e5e                 unlk    A6
1b8fe: 4e75                 rts
1b900: 0cae 0000 0003 0008  cmpi.l  #$3, ($8,A6)
1b908: 6614                 bne     $1b91e
1b90a: 4239 0078 289e       clr.b   $78289e.l
1b910: 4239 0078 289f       clr.b   $78289f.l
1b916: 4eb9 0001 ae7e       jsr     $1ae7e.l
1b91c: 605a                 bra     $1b978
1b91e: 0cae 0000 0001 0008  cmpi.l  #$1, ($8,A6)
1b926: 6608                 bne     $1b930
1b928: 1d7c 0001 ffff       move.b  #$1, (-$1,A6)
1b92e: 6010                 bra     $1b940
1b930: 0cae 0000 0002 0008  cmpi.l  #$2, ($8,A6)
1b938: 6606                 bne     $1b940
1b93a: 1d7c 0002 ffff       move.b  #$2, (-$1,A6)
1b940: 4239 0078 289e       clr.b   $78289e.l
1b946: 4239 0078 289f       clr.b   $78289f.l
1b94c: 4287                 clr.l   D7
1b94e: 1e2e ffff            move.b  (-$1,A6), D7
1b952: 2e87                 move.l  D7, (A7)
1b954: 4eb9 0001 adaa       jsr     $1adaa.l
1b95a: 4ab9 0078 28a0       tst.l   $7828a0.l
1b960: 6616                 bne     $1b978
1b962: 13fc 0001 0078 289f  move.b  #$1, $78289f.l
1b96a: 4287                 clr.l   D7
1b96c: 1e2e ffff            move.b  (-$1,A6), D7
1b970: 2e87                 move.l  D7, (A7)
1b972: 4eb9 0001 adaa       jsr     $1adaa.l
1b978: 4aae 000c            tst.l   ($c,A6)
1b97c: 660e                 bne     $1b98c
1b97e: 4ab9 0078 28a0       tst.l   $7828a0.l
1b984: 6706                 beq     $1b98c
1b986: 4287                 clr.l   D7
1b988: 4e5e                 unlk    A6
1b98a: 4e75                 rts
1b98c: 7e01                 moveq   #$1, D7
1b98e: 4e5e                 unlk    A6
1b990: 4e75                 rts
1b992: 4e56 0000            link    A6, #$0
1b996: 13fc 0001 0078 2f2c  move.b  #$1, $782f2c.l
1b99e: 4239 0078 2f2d       clr.b   $782f2d.l
1b9a4: 2479 0078 299e       movea.l $78299e.l, A2
1b9aa: 548a                 addq.l  #2, A2
1b9ac: 34ae 000a            move.w  ($a,A6), (A2)
1b9b0: 5cb9 0078 299e       addq.l  #6, $78299e.l
1b9b6: 4eb9 0000 c580       jsr     $c580.l
1b9bc: 4e5e                 unlk    A6
1b9be: 4e75                 rts
1b9c0: 4e56 fffc            link    A6, #-$4
1b9c4: 2d79 0078 2884 fffc  move.l  $782884.l, (-$4,A6)
1b9cc: 246e fffc            movea.l (-$4,A6), A2
1b9d0: 0c92 4845 4144       cmpi.l  #$48454144, (A2)
1b9d6: 6606                 bne     $1b9de
1b9d8: 7e01                 moveq   #$1, D7
1b9da: 4e5e                 unlk    A6
1b9dc: 4e75                 rts
1b9de: 246e fffc            movea.l (-$4,A6), A2
1b9e2: 0c92 464f 4e54       cmpi.l  #$464f4e54, (A2)
1b9e8: 6730                 beq     $1ba1a
1b9ea: 246e fffc            movea.l (-$4,A6), A2
1b9ee: 0c92 666f 6e74       cmpi.l  #$666f6e74, (A2)
1b9f4: 6724                 beq     $1ba1a
1b9f6: 246e fffc            movea.l (-$4,A6), A2
1b9fa: 0c92 4455 4d59       cmpi.l  #$44554d59, (A2)
1ba00: 6718                 beq     $1ba1a
1ba02: 246e fffc            movea.l (-$4,A6), A2
1ba06: 0c92 5441 424c       cmpi.l  #$5441424c, (A2)
1ba0c: 670c                 beq     $1ba1a
1ba0e: 246e fffc            movea.l (-$4,A6), A2
1ba12: 0c92 7461 626c       cmpi.l  #$7461626c, (A2)
1ba18: 6606                 bne     $1ba20
1ba1a: 4287                 clr.l   D7
1ba1c: 4e5e                 unlk    A6
1ba1e: 4e75                 rts
1ba20: 50ae fffc            addq.l  #8, (-$4,A6)
1ba24: 246e fffc            movea.l (-$4,A6), A2
1ba28: 0c92 464f 4e54       cmpi.l  #$464f4e54, (A2)
1ba2e: 6730                 beq     $1ba60
1ba30: 246e fffc            movea.l (-$4,A6), A2
1ba34: 0c92 666f 6e74       cmpi.l  #$666f6e74, (A2)
1ba3a: 6724                 beq     $1ba60
1ba3c: 246e fffc            movea.l (-$4,A6), A2
1ba40: 0c92 5441 424c       cmpi.l  #$5441424c, (A2)
1ba46: 6718                 beq     $1ba60
1ba48: 246e fffc            movea.l (-$4,A6), A2
1ba4c: 0c92 7461 626c       cmpi.l  #$7461626c, (A2)
1ba52: 670c                 beq     $1ba60
1ba54: 246e fffc            movea.l (-$4,A6), A2
1ba58: 0c92 4455 4d59       cmpi.l  #$44554d59, (A2)
1ba5e: 6606                 bne     $1ba66
1ba60: 4287                 clr.l   D7
1ba62: 4e5e                 unlk    A6
1ba64: 4e75                 rts
1ba66: 7eff                 moveq   #-$1, D7
1ba68: 4e5e                 unlk    A6
1ba6a: 4e75                 rts
1ba6c: 4e56 0000            link    A6, #$0
1ba70: 4eb9 0000 f34a       jsr     $f34a.l
1ba76: 4eb9 0000 ff1e       jsr     $ff1e.l
1ba7c: 4eb9 0000 f8fc       jsr     $f8fc.l
1ba82: 4eb9 0000 f34a       jsr     $f34a.l
1ba88: 4eb9 0000 9ac2       jsr     $9ac2.l
1ba8e: 4e5e                 unlk    A6
1ba90: 4e75                 rts
1ba92: 4e56 fffc            link    A6, #-$4
1ba96: 48e7 841c            movem.l D0/D5/A3-A5, -(A7)
1ba9a: 4aae 0008            tst.l   ($8,A6)
1ba9e: 6608                 bne     $1baa8
1baa0: 4cdf 3821            movem.l (A7)+, D0/D5/A3-A5
1baa4: 4e5e                 unlk    A6
1baa6: 4e75                 rts
1baa8: 0cae 0000 0001 0008  cmpi.l  #$1, ($8,A6)
1bab0: 660e                 bne     $1bac0
1bab2: 287c 0020 0000       movea.l #$200000, A4
1bab8: 267c 003f fffe       movea.l #$3ffffe, A3
1babe: 6024                 bra     $1bae4
1bac0: 0cae 0000 0002 0008  cmpi.l  #$2, ($8,A6)
1bac8: 660e                 bne     $1bad8
1baca: 287c 0040 0000       movea.l #$400000, A4
1bad0: 267c 005f fffe       movea.l #$5ffffe, A3
1bad6: 600c                 bra     $1bae4
1bad8: 287c 0020 0000       movea.l #$200000, A4
1bade: 267c 005f fffe       movea.l #$5ffffe, A3
1bae4: 2a7c 0078 2324       movea.l #$782324, A5
1baea: 4285                 clr.l   D5
1baec: 3a39 0078 278e       move.w  $78278e.l, D5
1baf2: 2e05                 move.l  D5, D7
1baf4: 5385                 subq.l  #1, D5
1baf6: 4a87                 tst.l   D7
1baf8: 6f74                 ble     $1bb6e
1bafa: 2e15                 move.l  (A5), D7
1bafc: 0287 00ff ffff       andi.l  #$ffffff, D7
1bb02: 2d47 fffc            move.l  D7, (-$4,A6)
1bb06: b9ee fffc            cmpa.l  (-$4,A6), A4
1bb0a: 626a                 bhi     $1bb76
1bb0c: 2e2e fffc            move.l  (-$4,A6), D7
1bb10: be8b                 cmp.l   A3, D7
1bb12: 6262                 bhi     $1bb76
1bb14: 2e8d                 move.l  A5, (A7)
1bb16: 4eb9 0001 bd2e       jsr     $1bd2e.l
1bb1c: 4287                 clr.l   D7
1bb1e: 3e39 0078 278e       move.w  $78278e.l, D7
1bb24: 5387                 subq.l  #1, D7
1bb26: 33c7 0078 278e       move.w  D7, $78278e.l
1bb2c: bbf9 0078 27ac       cmpa.l  $7827ac.l, A5
1bb32: 6448                 bcc     $1bb7c
1bb34: 4287                 clr.l   D7
1bb36: 3e39 0078 2790       move.w  $782790.l, D7
1bb3c: 5387                 subq.l  #1, D7
1bb3e: 33c7 0078 2790       move.w  D7, $782790.l
1bb44: 4287                 clr.l   D7
1bb46: 3e39 0078 2794       move.w  $782794.l, D7
1bb4c: 5387                 subq.l  #1, D7
1bb4e: 33c7 0078 2794       move.w  D7, $782794.l
1bb54: 59b9 0078 27a8       subq.l  #4, $7827a8.l
1bb5a: 59b9 0078 27ac       subq.l  #4, $7827ac.l
1bb60: 59b9 0078 27b0       subq.l  #4, $7827b0.l
1bb66: 59b9 0078 27b4       subq.l  #4, $7827b4.l
1bb6c: 6084                 bra     $1baf2
1bb6e: 4cdf 3821            movem.l (A7)+, D0/D5/A3-A5
1bb72: 4e5e                 unlk    A6
1bb74: 4e75                 rts
1bb76: 588d                 addq.l  #4, A5
1bb78: 6000 ff78            bra     $1baf2
1bb7c: 4287                 clr.l   D7
1bb7e: 3e39 0078 2798       move.w  $782798.l, D7
1bb84: 5387                 subq.l  #1, D7
1bb86: 33c7 0078 2798       move.w  D7, $782798.l
1bb8c: 4287                 clr.l   D7
1bb8e: 3e39 0078 279c       move.w  $78279c.l, D7
1bb94: 5387                 subq.l  #1, D7
1bb96: 33c7 0078 279c       move.w  D7, $78279c.l
1bb9c: 59b9 0078 27b4       subq.l  #4, $7827b4.l
1bba2: 6000 ff4e            bra     $1baf2
1bba6: 4e56 fffc            link    A6, #-$4
1bbaa: 4297                 clr.l   (A7)
1bbac: 4eb9 0001 79da       jsr     $179da.l
1bbb2: 4279 0078 2f2e       clr.w   $782f2e.l
1bbb8: 4279 0078 2f30       clr.w   $782f30.l
1bbbe: 4239 0078 287b       clr.b   $78287b.l
1bbc4: 4239 0078 27c6       clr.b   $7827c6.l
1bbca: 4279 0078 27c8       clr.w   $7827c8.l
1bbd0: 42b9 0078 27ca       clr.l   $7827ca.l
1bbd6: 42b9 0078 27ce       clr.l   $7827ce.l
1bbdc: 42b9 0078 27d2       clr.l   $7827d2.l
