0edb0: 4e56 0000            link    A6, #$0
0edb4: 48e7 8404            movem.l D0/D5/A5, -(A7)
0edb8: 2a79 0078 299e       movea.l $78299e.l, A5
0edbe: 5d8d                 subq.l  #6, A5
0edc0: 23cd 0078 299e       move.l  A5, $78299e.l
0edc6: 3a2d 0002            move.w  ($2,A5), D5
0edca: 48c5                 ext.l   D5
0edcc: 6c06                 bge     $edd4
0edce: 2e05                 move.l  D5, D7
0edd0: 4487                 neg.l   D7
0edd2: 2a07                 move.l  D7, D5
0edd4: 4a85                 tst.l   D5
0edd6: 660a                 bne     $ede2
0edd8: 13fc 0001 0078 3190  move.b  #$1, $783190.l
0ede0: 600e                 bra     $edf0
0ede2: 0c85 0000 0001       cmpi.l  #$1, D5
0ede8: 6606                 bne     $edf0
0edea: 4239 0078 3190       clr.b   $783190.l
0edf0: 4cdf 2021            movem.l (A7)+, D0/D5/A5
0edf4: 4e5e                 unlk    A6
0edf6: 4e75                 rts
0edf8: 4e56 0000            link    A6, #$0
0edfc: 48e7 8404            movem.l D0/D5/A5, -(A7)
0ee00: 2a79 0078 299e       movea.l $78299e.l, A5
0ee06: 5d8d                 subq.l  #6, A5
0ee08: 23cd 0078 299e       move.l  A5, $78299e.l
0ee0e: 3a2d 0002            move.w  ($2,A5), D5
0ee12: 48c5                 ext.l   D5
0ee14: 6c06                 bge     $ee1c
0ee16: 2e05                 move.l  D5, D7
0ee18: 4487                 neg.l   D7
0ee1a: 2a07                 move.l  D7, D5
0ee1c: 4a85                 tst.l   D5
0ee1e: 6608                 bne     $ee28
