0a42c: 4e56 0000            link    A6, #$0
0a430: 08b9 0000 0078 28f9  bclr    #$0, $7828f9.l
0a438: 11f9 0078 28f9 a801  move.b  $7828f9.l, $a801.w
0a440: 4e5e                 unlk    A6
0a442: 4e75                 rts
0a444: 4e56 0000            link    A6, #$0
0a448: 08f9 0000 0078 28f9  bset    #$0, $7828f9.l
0a450: 11f9 0078 28f9 a801  move.b  $7828f9.l, $a801.w
0a458: 4e5e                 unlk    A6
0a45a: 4e75                 rts
0a45c: 4e56 0000            link    A6, #$0
0a460: 7e10                 moveq   #$10, D7
0a462: 4286                 clr.l   D6
0a464: 1c38 8a01            move.b  $8a01.w, D6
0a468: ce86                 and.l   D6, D7
0a46a: 4e5e                 unlk    A6
0a46c: 4e75                 rts
0a46e: 4e56 0000            link    A6, #$0
0a472: 7e20                 moveq   #$20, D7
0a474: 4286                 clr.l   D6
0a476: 1c38 8a01            move.b  $8a01.w, D6
0a47a: ce86                 and.l   D6, D7
0a47c: 4e5e                 unlk    A6
0a47e: 4e75                 rts
0a480: 4e56 0000            link    A6, #$0
0a484: 48e7 8c04            movem.l D0/D4-D5/A5, -(A7)
0a488: 4eb9 0000 a5b0       jsr     $a5b0.l
0a48e: 4a87                 tst.l   D7
0a490: 671a                 beq     $a4ac
0a492: 4878 000a            pea     $a.w
0a496: 4eb9 0000 8bea       jsr     $8bea.l
0a49c: 588f                 addq.l  #4, A7
0a49e: 4eb9 0000 a5b0       jsr     $a5b0.l
0a4a4: 4a87                 tst.l   D7
0a4a6: 6704                 beq     $a4ac
0a4a8: 4287                 clr.l   D7
0a4aa: 6028                 bra     $a4d4
0a4ac: 2a7c 0078 21ef       movea.l #$7821ef, A5
0a4b2: 7801                 moveq   #$1, D4
0a4b4: bbfc 0078 21e8       cmpa.l  #$7821e8, A5
0a4ba: 6510                 bcs     $a4cc
0a4bc: 2e2e 0008            move.l  ($8,A6), D7
0a4c0: ce84                 and.l   D4, D7
0a4c2: 6718                 beq     $a4dc
0a4c4: 244d                 movea.l A5, A2
0a4c6: 538d                 subq.l  #1, A5
0a4c8: 4212                 clr.b   (A2)
0a4ca: 6018                 bra     $a4e4
0a4cc: 4eb9 0000 abf2       jsr     $abf2.l
0a4d2: 7e01                 moveq   #$1, D7
0a4d4: 4cdf 2031            movem.l (A7)+, D0/D4-D5/A5
0a4d8: 4e5e                 unlk    A6
0a4da: 4e75                 rts
0a4dc: 244d                 movea.l A5, A2
0a4de: 538d                 subq.l  #1, A5
0a4e0: 14bc 0020            move.b  #$20, (A2)
0a4e4: e384                 asl.l   #1, D4
0a4e6: 60cc                 bra     $a4b4
0a4e8: 4e56 0000            link    A6, #$0
0a4ec: 48e7 8004            movem.l D0/A5, -(A7)
0a4f0: 4a39 0078 21e7       tst.b   $7821e7.l
0a4f6: 6608                 bne     $a500
0a4f8: 11fc 00f7 a601       move.b  #$f7, $a601.w
0a4fe: 6010                 bra     $a510
0a500: 4eb9 0000 a5b0       jsr     $a5b0.l
0a506: 4a87                 tst.l   D7
0a508: 660e                 bne     $a518
0a50a: 11fc 00f7 a601       move.b  #$f7, $a601.w
0a510: 4cdf 2001            movem.l (A7)+, D0/A5
0a514: 4e5e                 unlk    A6
0a516: 4e75                 rts
0a518: 4239 0078 21e7       clr.b   $7821e7.l
0a51e: 11fc 00f7 a601       move.b  #$f7, $a601.w
0a524: 2a7c 0078 21f0       movea.l #$7821f0, A5
0a52a: bbfc 0078 21f8       cmpa.l  #$7821f8, A5
0a530: 6432                 bcc     $a564
0a532: 4eb9 0000 15a6       jsr     $15a6.l
0a538: 4287                 clr.l   D7
0a53a: 1e39 0078 28f9       move.b  $7828f9.l, D7
0a540: 0887 0004            bclr    #$4, D7
0a544: 11c7 a801            move.b  D7, $a801.w
0a548: 4287                 clr.l   D7
0a54a: 1e39 0078 28f9       move.b  $7828f9.l, D7
0a550: 08c7 0004            bset    #$4, D7
0a554: 11c7 a801            move.b  D7, $a801.w
0a558: 1af8 8a01            move.b  $8a01.w, (A5)+
0a55c: 4eb9 0000 15ac       jsr     $15ac.l
0a562: 60c6                 bra     $a52a
0a564: 60aa                 bra     $a510
0a566: 4e56 0000            link    A6, #$0
0a56a: 48e7 8400            movem.l D0/D5, -(A7)
0a56e: 4285                 clr.l   D5
0a570: 0c85 0000 0008       cmpi.l  #$8, D5
0a576: 6c30                 bge     $a5a8
0a578: 4eb9 0000 15a6       jsr     $15a6.l
0a57e: 4287                 clr.l   D7
0a580: 1e39 0078 28f9       move.b  $7828f9.l, D7
0a586: 0887 0004            bclr    #$4, D7
0a58a: 11c7 a801            move.b  D7, $a801.w
0a58e: 4287                 clr.l   D7
0a590: 1e39 0078 28f9       move.b  $7828f9.l, D7
0a596: 08c7 0004            bset    #$4, D7
0a59a: 11c7 a801            move.b  D7, $a801.w
0a59e: 4eb9 0000 15ac       jsr     $15ac.l
0a5a4: 5285                 addq.l  #1, D5
0a5a6: 60c8                 bra     $a570
0a5a8: 4cdf 0021            movem.l (A7)+, D0/D5
0a5ac: 4e5e                 unlk    A6
0a5ae: 4e75                 rts
0a5b0: 4e56 0000            link    A6, #$0
0a5b4: 7e08                 moveq   #$8, D7
0a5b6: 4286                 clr.l   D6
0a5b8: 1c38 8a01            move.b  $8a01.w, D6
0a5bc: ce86                 and.l   D6, D7
0a5be: 4e5e                 unlk    A6
0a5c0: 4e75                 rts
0a5c2: 4e56 0000            link    A6, #$0
0a5c6: 08b9 0002 0078 28f9  bclr    #$2, $7828f9.l
0a5ce: 11f9 0078 28f9 a801  move.b  $7828f9.l, $a801.w
0a5d6: 4e5e                 unlk    A6
0a5d8: 4e75                 rts
0a5da: 4e56 0000            link    A6, #$0
0a5de: 08f9 0002 0078 28f9  bset    #$2, $7828f9.l
0a5e6: 11f9 0078 28f9 a801  move.b  $7828f9.l, $a801.w
0a5ee: 4e5e                 unlk    A6
0a5f0: 4e75                 rts
0a5f2: 4e56 0000            link    A6, #$0
0a5f6: 4287                 clr.l   D7
0a5f8: 1e39 0078 28f9       move.b  $7828f9.l, D7
0a5fe: 0807 0002            btst    #$2, D7
0a602: 6604                 bne     $a608
0a604: 7e01                 moveq   #$1, D7
0a606: 6002                 bra     $a60a
0a608: 4287                 clr.l   D7
0a60a: 4e5e                 unlk    A6
