0110c: 007c 0700            ori     #$700, SR
01110: 0c69 0000 000a       cmpi.w  #$0, ($a,A1)
01116: 6700 0118            beq     $1230
0111a: 4e73                 rte
0111c: 007c 0700            ori     #$700, SR
01120: 2279 0078 0176       movea.l $780176.l, A1
01126: 337c 0000 000a       move.w  #$0, ($a,A1)
0112c: 2469 0016            movea.l ($16,A1), A2
01130: 2529 0012            move.l  ($12,A1), -(A2)
01134: 353c 2000            move.w  #$2000, -(A2)
01138: 94fc 003c            suba.w  #$3c, A2
0113c: 234a 001a            move.l  A2, ($1a,A1)
01140: 6000 0118            bra     $125a
01144: 007c 0700            ori     #$700, SR
01148: 0c69 8006 000a       cmpi.w  #-$7ffa, ($a,A1)
0114e: 6700 00e0            beq     $1230
01152: 4e73                 rte
01154: 007c 0700            ori     #$700, SR
01158: 48e7 fffe            movem.l D0-D7/A0-A6, -(A7)
0115c: 2279 0078 0176       movea.l $780176.l, A1
01162: 337c 8006 000a       move.w  #$8006, ($a,A1)
01168: 3340 000c            move.w  D0, ($c,A1)
0116c: 234f 001a            move.l  A7, ($1a,A1)
01170: 6000 00e8            bra     $125a
01174: 007c 0700            ori     #$700, SR
01178: 48e7 fffe            movem.l D0-D7/A0-A6, -(A7)
0117c: 2279 0078 0176       movea.l $780176.l, A1
01182: 337c 8007 000a       move.w  #$8007, ($a,A1)
01188: 60de                 bra     $1168
0118a: 007c 0700            ori     #$700, SR
0118e: 48e7 fffe            movem.l D0-D7/A0-A6, -(A7)
01192: 0c69 8006 000a       cmpi.w  #-$7ffa, ($a,A1)
01198: 6606                 bne     $11a0
0119a: 337c 0002 000a       move.w  #$2, ($a,A1)
011a0: 2279 0078 0176       movea.l $780176.l, A1
011a6: 337c 8006 000a       move.w  #$8006, ($a,A1)
011ac: 3340 000c            move.w  D0, ($c,A1)
011b0: 234f 001a            move.l  A7, ($1a,A1)
011b4: 43f9 0078 0182       lea     $780182.l, A1
011ba: 6000 009e            bra     $125a
011be: 007c 0700            ori     #$700, SR
011c2: 4287                 clr.l   D7
011c4: 3e29 000a            move.w  ($a,A1), D7
011c8: 4e73                 rte
011ca: 007c 0700            ori     #$700, SR
011ce: 0c69 0000 000a       cmpi.w  #$0, ($a,A1)
011d4: 6710                 beq     $11e6
011d6: 0c69 00ff 000a       cmpi.w  #$ff, ($a,A1)
011dc: 6700 ff3e            beq     $111c
011e0: 337c 0009 000a       move.w  #$9, ($a,A1)
011e6: 4e73                 rte
011e8: 007c 0700            ori     #$700, SR
011ec: 0c69 0009 000a       cmpi.w  #$9, ($a,A1)
011f2: 6700 003c            beq     $1230
011f6: 4e73                 rte
011f8: 007c 0700            ori     #$700, SR
011fc: 0c69 0000 000a       cmpi.w  #$0, ($a,A1)
01202: 672a                 beq     $122e
01204: 2f0a                 move.l  A2, -(A7)
01206: 2479 0078 0176       movea.l $780176.l, A2
0120c: b3ca                 cmpa.l  A2, A1
0120e: 6700 ff0c            beq     $111c
01212: 337c 0000 000a       move.w  #$0, ($a,A1)
01218: 2469 0016            movea.l ($16,A1), A2
0121c: 2529 0012            move.l  ($12,A1), -(A2)
01220: 353c 2000            move.w  #$2000, -(A2)
01224: 94fc 003c            suba.w  #$3c, A2
01228: 234a 001a            move.l  A2, ($1a,A1)
0122c: 245f                 movea.l (A7)+, A2
0122e: 4e73                 rte
01230: 48e7 fffe            movem.l D0-D7/A0-A6, -(A7)
01234: 337c 0002 000a       move.w  #$2, ($a,A1)
0123a: 3039 0078 0174       move.w  $780174.l, D0
01240: b069 0008            cmp.w   ($8,A1), D0
01244: 6c00 0038            bge     $127e
01248: 2479 0078 0176       movea.l $780176.l, A2
0124e: 357c 0002 000a       move.w  #$2, ($a,A2)
01254: 254f 001a            move.l  A7, ($1a,A2)
01258: 600c                 bra     $1266
0125a: 0c69 0002 000a       cmpi.w  #$2, ($a,A1)
01260: 6704                 beq     $1266
01262: 2251                 movea.l (A1), A1
01264: 60f4                 bra     $125a
01266: 23c9 0078 0176       move.l  A1, $780176.l
0126c: 33e9 0008 0078 0174  move.w  ($8,A1), $780174.l
01274: 337c 00ff 000a       move.w  #$ff, ($a,A1)
0127a: 2e69 001a            movea.l ($1a,A1), A7
0127e: 4cdf 7fff            movem.l (A7)+, D0-D7/A0-A6
01282: 4e73                 rte
01284: 102f 0007            move.b  ($7,A7), D0
01288: 122f 000b            move.b  ($b,A7), D1
